TN:
SF:/home/doll/ferray/ferray/src/config.rs
FN:29,set_num_threads
FN:47,with_num_threads
FNF:2
FNDA:0,set_num_threads
FNDA:101,with_num_threads
DA:15,4
DA:29,0
DA:30,0
DA:31,0
DA:33,0
DA:34,0
DA:35,0
DA:36,0
DA:47,101
DA:52,202
DA:54,101
DA:55,402
DA:56,198
DA:58,4
DA:59,4
DA:61,2
DA:62,0
DA:64,6
DA:65,8
DA:66,2
DA:68,202
DA:69,202
LF:22
LH:14
end_of_record
TN:
SF:/home/doll/ferray/ferray-autodiff/src/api.rs
FN:31,derivative
FN:55,gradient
FN:98,jacobian
FNF:3
FNDA:4414,derivative
FNDA:260,gradient
FNDA:3,jacobian
DA:31,4414
DA:32,8828
DA:55,260
DA:56,780
DA:57,780
DA:60,2602
DA:62,1302
DA:64,1042
DA:65,2084
DA:67,521
DA:69,260
DA:98,3
DA:102,9
DA:103,28
DA:106,6
DA:107,9
DA:110,12
DA:112,8
DA:113,5
DA:114,10
DA:115,27
DA:116,33
DA:118,5
DA:121,3
LF:24
LH:24
end_of_record
TN:
SF:/home/doll/ferray/ferray-autodiff/src/array_ops.rs
FN:51,derivative_elementwise
FN:77,value_and_derivative_elementwise
FN:141,gradient_vector
FN:171,value_and_gradient
FN:216,jacobian_array
FNF:5
FNDA:4,derivative_elementwise
FNDA:1,value_and_derivative_elementwise
FNDA:1,gradient_vector
FNDA:1,value_and_gradient
FNDA:3,jacobian_array
DA:51,4
DA:57,16
DA:58,0
DA:59,0
DA:62,12
DA:64,36
DA:66,16
DA:77,1
DA:86,4
DA:87,0
DA:89,3
DA:90,3
DA:91,3
DA:92,7
DA:93,12
DA:94,12
DA:95,6
DA:97,0
DA:98,4
DA:99,4
DA:141,1
DA:146,2
DA:148,1
DA:149,3
DA:150,3
DA:154,12
DA:156,7
DA:158,9
DA:159,9
DA:160,12
DA:162,6
DA:165,4
DA:171,1
DA:176,4
DA:177,0
DA:179,3
DA:180,3
DA:181,12
DA:183,2
DA:184,4
DA:185,6
DA:186,6
DA:187,4
DA:188,1
DA:190,9
DA:191,6
DA:194,5
DA:195,1
DA:216,3
DA:221,6
DA:223,3
DA:224,9
DA:226,30
DA:230,6
DA:231,6
DA:232,9
DA:233,6
DA:236,12
DA:237,24
DA:238,12
DA:242,6
DA:243,6
DA:244,6
DA:245,6
DA:246,3
DA:247,1
DA:248,1
DA:249,1
DA:252,16
DA:253,8
DA:255,4
DA:258,8
LF:72
LH:67
end_of_record
TN:
SF:/home/doll/ferray/ferray-autodiff/src/dual.rs
FN:34,DualNumber<T>::new
FN:51,DualNumber<T>::constant
FN:71,DualNumber<T>::variable
FN:84,<impl Display for DualNumber<T>>::fmt
FN:168,<impl Neg for DualNumber<T>>::neg
FN:184,<impl Add for DualNumber<T>>::add
FN:196,<impl Sub for DualNumber<T>>::sub
FN:208,<impl Mul for DualNumber<T>>::mul
FN:220,<impl Div for DualNumber<T>>::div
FN:235,<impl Rem for DualNumber<T>>::rem
FN:397,<impl AddAssign for DualNumber<T>>::add_assign
FN:404,<impl SubAssign for DualNumber<T>>::sub_assign
FN:411,<impl MulAssign for DualNumber<T>>::mul_assign
FN:418,<impl DivAssign for DualNumber<T>>::div_assign
FN:429,<impl PartialOrd for DualNumber<T>>::partial_cmp
FN:439,<impl Sum for DualNumber<T>>::sum
FN:445,<impl Product for DualNumber<T>>::product
FNF:17
FNDA:2340,DualNumber<T>::new
FNDA:3131,DualNumber<T>::constant
FNDA:4467,DualNumber<T>::variable
FNDA:1,<impl Display for DualNumber<T>>::fmt
FNDA:2,<impl Neg for DualNumber<T>>::neg
FNDA:2,<impl Add for DualNumber<T>>::add
FNDA:0,<impl Sub for DualNumber<T>>::sub
FNDA:8,<impl Mul for DualNumber<T>>::mul
FNDA:0,<impl Div for DualNumber<T>>::div
FNDA:1,<impl Rem for DualNumber<T>>::rem
FNDA:1,<impl AddAssign for DualNumber<T>>::add_assign
FNDA:0,<impl SubAssign for DualNumber<T>>::sub_assign
FNDA:1,<impl MulAssign for DualNumber<T>>::mul_assign
FNDA:0,<impl DivAssign for DualNumber<T>>::div_assign
FNDA:2,<impl PartialOrd for DualNumber<T>>::partial_cmp
FNDA:256,<impl Sum for DualNumber<T>>::sum
FNDA:0,<impl Product for DualNumber<T>>::product
DA:34,2340
DA:51,3131
DA:54,3131
DA:71,4467
DA:74,4467
DA:84,1
DA:85,2
DA:98,2864
DA:100,5728
DA:101,2864
DA:111,4
DA:113,8
DA:114,4
DA:124,2900
DA:126,5800
DA:127,5800
DA:137,2
DA:138,4
DA:140,4
DA:141,4
DA:152,2
DA:155,6
DA:157,4
DA:158,4
DA:168,2
DA:170,2
DA:171,2
DA:184,2
DA:186,2
DA:187,2
DA:196,0
DA:198,0
DA:199,0
DA:208,8
DA:210,16
DA:211,8
DA:220,0
DA:222,0
DA:223,0
DA:235,1
DA:237,1
DA:238,1
DA:261,0
DA:262,0
DA:263,0
DA:264,0
DA:271,0
DA:272,0
DA:273,0
DA:274,0
DA:283,256
DA:284,1024
DA:285,256
DA:286,512
DA:287,256
DA:294,0
DA:295,0
DA:296,0
DA:297,0
DA:298,0
DA:307,0
DA:308,0
DA:309,0
DA:310,0
DA:317,0
DA:318,0
DA:319,0
DA:320,0
DA:329,0
DA:330,0
DA:331,0
DA:332,0
DA:333,0
DA:334,0
DA:341,0
DA:342,0
DA:343,0
DA:344,0
DA:345,0
DA:346,0
DA:369,6
DA:370,6
DA:376,1
DA:377,1
DA:383,1
DA:384,1
DA:390,1
DA:391,1
DA:397,1
DA:398,1
DA:404,0
DA:405,0
DA:411,1
DA:412,1
DA:418,0
DA:419,0
DA:429,2
DA:430,6
DA:439,256
DA:440,3610
DA:445,0
DA:446,0
LF:102
LH:57
end_of_record
TN:
SF:/home/doll/ferray/ferray-autodiff/src/functions.rs
FN:21,DualNumber<T>::sin
FN:30,DualNumber<T>::cos
FN:39,DualNumber<T>::tan
FN:49,DualNumber<T>::exp
FN:59,DualNumber<T>::exp_m1
FN:73,DualNumber<T>::exp2
FN:84,DualNumber<T>::ln
FN:95,DualNumber<T>::log
FN:108,DualNumber<T>::log2
FN:118,DualNumber<T>::log10
FN:128,DualNumber<T>::ln_1p
FN:137,DualNumber<T>::sqrt
FN:147,DualNumber<T>::cbrt
FN:167,DualNumber<T>::abs
FN:176,DualNumber<T>::signum
FN:185,DualNumber<T>::powi
FN:209,DualNumber<T>::powf
FN:245,DualNumber<T>::sinh
FN:254,DualNumber<T>::cosh
FN:263,DualNumber<T>::tanh
FN:273,DualNumber<T>::asin
FN:282,DualNumber<T>::acos
FN:291,DualNumber<T>::atan
FN:304,DualNumber<T>::atan2
FN:314,DualNumber<T>::sin_cos
FN:330,DualNumber<T>::asinh
FN:339,DualNumber<T>::acosh
FN:348,DualNumber<T>::atanh
FN:357,DualNumber<T>::hypot
FN:367,DualNumber<T>::mul_add
FN:377,DualNumber<T>::recip
FN:386,DualNumber<T>::floor
FN:395,DualNumber<T>::ceil
FN:404,DualNumber<T>::round
FN:413,DualNumber<T>::trunc
FN:422,DualNumber<T>::fract
FN:431,DualNumber<T>::to_degrees
FN:441,DualNumber<T>::to_radians
FN:533,atan2
FNF:39
FNDA:788,DualNumber<T>::sin
FNDA:517,DualNumber<T>::cos
FNDA:1,DualNumber<T>::tan
FNDA:777,DualNumber<T>::exp
FNDA:1,DualNumber<T>::exp_m1
FNDA:1,DualNumber<T>::exp2
FNDA:515,DualNumber<T>::ln
FNDA:0,DualNumber<T>::log
FNDA:1,DualNumber<T>::log2
FNDA:1,DualNumber<T>::log10
FNDA:1,DualNumber<T>::ln_1p
FNDA:259,DualNumber<T>::sqrt
FNDA:1,DualNumber<T>::cbrt
FNDA:2,DualNumber<T>::abs
FNDA:0,DualNumber<T>::signum
FNDA:258,DualNumber<T>::powi
FNDA:6,DualNumber<T>::powf
FNDA:1,DualNumber<T>::sinh
FNDA:1,DualNumber<T>::cosh
FNDA:2,DualNumber<T>::tanh
FNDA:3,DualNumber<T>::asin
FNDA:1,DualNumber<T>::acos
FNDA:1,DualNumber<T>::atan
FNDA:2,DualNumber<T>::atan2
FNDA:1,DualNumber<T>::sin_cos
FNDA:1,DualNumber<T>::asinh
FNDA:2,DualNumber<T>::acosh
FNDA:2,DualNumber<T>::atanh
FNDA:1,DualNumber<T>::hypot
FNDA:1,DualNumber<T>::mul_add
FNDA:258,DualNumber<T>::recip
FNDA:2,DualNumber<T>::floor
FNDA:2,DualNumber<T>::ceil
FNDA:2,DualNumber<T>::round
FNDA:0,DualNumber<T>::trunc
FNDA:1,DualNumber<T>::fract
FNDA:1,DualNumber<T>::to_degrees
FNDA:1,DualNumber<T>::to_radians
FNDA:0,atan2
DA:21,788
DA:23,2364
DA:24,1576
DA:30,517
DA:32,1551
DA:33,1034
DA:39,1
DA:40,3
DA:42,3
DA:43,2
DA:49,777
DA:50,2331
DA:53,777
DA:59,1
DA:61,3
DA:62,2
DA:73,1
DA:74,3
DA:75,4
DA:78,1
DA:84,515
DA:86,1545
DA:87,515
DA:95,0
DA:96,0
DA:97,0
DA:98,0
DA:100,0
DA:101,0
DA:108,1
DA:109,4
DA:111,3
DA:112,2
DA:118,1
DA:119,4
DA:121,3
DA:122,2
DA:128,1
DA:130,3
DA:131,2
DA:137,259
DA:138,777
DA:141,777
DA:147,1
DA:148,3
DA:149,3
DA:152,2
DA:167,2
DA:169,6
DA:170,4
DA:176,0
DA:178,0
DA:179,0
DA:185,258
DA:186,1032
DA:188,1032
DA:189,774
DA:209,6
DA:210,12
DA:211,24
DA:214,6
DA:215,6
DA:216,6
DA:217,3
DA:219,1
DA:220,1
DA:221,1
DA:223,2
DA:225,1
DA:226,1
DA:227,1
DA:231,1
DA:232,2
DA:233,4
DA:239,12
DA:245,1
DA:247,3
DA:248,2
DA:254,1
DA:256,3
DA:257,2
DA:263,2
DA:264,6
DA:267,6
DA:273,3
DA:275,9
DA:276,9
DA:282,1
DA:284,3
DA:285,3
DA:291,1
DA:293,3
DA:294,3
DA:304,2
DA:305,6
DA:307,8
DA:308,4
DA:314,1
DA:315,3
DA:317,2
DA:318,3
DA:319,2
DA:321,1
DA:322,2
DA:323,1
DA:330,1
DA:332,3
DA:333,2
DA:339,2
DA:341,6
DA:342,4
DA:348,2
DA:350,6
DA:351,6
DA:357,1
DA:358,4
DA:361,2
DA:367,1
DA:370,5
DA:371,2
DA:377,258
DA:379,774
DA:380,516
DA:386,2
DA:388,4
DA:389,2
DA:395,2
DA:397,4
DA:398,2
DA:404,2
DA:406,4
DA:407,2
DA:413,0
DA:415,0
DA:416,0
DA:422,1
DA:424,2
DA:425,1
DA:431,1
DA:432,4
DA:434,3
DA:435,1
DA:441,1
DA:442,4
DA:444,3
DA:445,1
DA:464,0
DA:465,0
DA:533,0
DA:534,0
LF:150
LH:134
end_of_record
TN:
SF:/home/doll/ferray/ferray-autodiff/src/num_impls.rs
FN:20,<impl Zero for DualNumber<T>>::zero
FN:28,<impl Zero for DualNumber<T>>::is_zero
FN:39,<impl One for DualNumber<T>>::one
FN:47,<impl One for DualNumber<T>>::is_one
FN:58,<impl ToPrimitive for DualNumber<T>>::to_i64
FN:63,<impl ToPrimitive for DualNumber<T>>::to_u64
FN:68,<impl ToPrimitive for DualNumber<T>>::to_f32
FN:73,<impl ToPrimitive for DualNumber<T>>::to_f64
FN:84,<impl FromPrimitive for DualNumber<T>>::from_i64
FN:89,<impl FromPrimitive for DualNumber<T>>::from_u64
FN:94,<impl FromPrimitive for DualNumber<T>>::from_f32
FN:99,<impl FromPrimitive for DualNumber<T>>::from_f64
FN:110,<impl NumCast for DualNumber<T>>::from
FN:122,<impl Num for DualNumber<T>>::from_str_radix
FN:133,<impl Float for DualNumber<T>>::nan
FN:138,<impl Float for DualNumber<T>>::infinity
FN:143,<impl Float for DualNumber<T>>::neg_infinity
FN:148,<impl Float for DualNumber<T>>::neg_zero
FN:153,<impl Float for DualNumber<T>>::min_value
FN:158,<impl Float for DualNumber<T>>::min_positive_value
FN:163,<impl Float for DualNumber<T>>::epsilon
FN:168,<impl Float for DualNumber<T>>::max_value
FN:173,<impl Float for DualNumber<T>>::is_nan
FN:178,<impl Float for DualNumber<T>>::is_infinite
FN:183,<impl Float for DualNumber<T>>::is_finite
FN:188,<impl Float for DualNumber<T>>::is_normal
FN:193,<impl Float for DualNumber<T>>::classify
FN:198,<impl Float for DualNumber<T>>::floor
FN:203,<impl Float for DualNumber<T>>::ceil
FN:208,<impl Float for DualNumber<T>>::round
FN:213,<impl Float for DualNumber<T>>::trunc
FN:218,<impl Float for DualNumber<T>>::fract
FN:223,<impl Float for DualNumber<T>>::abs
FN:228,<impl Float for DualNumber<T>>::signum
FN:233,<impl Float for DualNumber<T>>::is_sign_positive
FN:238,<impl Float for DualNumber<T>>::is_sign_negative
FN:243,<impl Float for DualNumber<T>>::mul_add
FN:248,<impl Float for DualNumber<T>>::recip
FN:253,<impl Float for DualNumber<T>>::powi
FN:258,<impl Float for DualNumber<T>>::powf
FN:263,<impl Float for DualNumber<T>>::sqrt
FN:268,<impl Float for DualNumber<T>>::exp
FN:273,<impl Float for DualNumber<T>>::exp2
FN:278,<impl Float for DualNumber<T>>::ln
FN:283,<impl Float for DualNumber<T>>::log
FN:288,<impl Float for DualNumber<T>>::log2
FN:293,<impl Float for DualNumber<T>>::log10
FN:298,<impl Float for DualNumber<T>>::max
FN:303,<impl Float for DualNumber<T>>::min
FN:308,<impl Float for DualNumber<T>>::abs_sub
FN:317,<impl Float for DualNumber<T>>::cbrt
FN:322,<impl Float for DualNumber<T>>::hypot
FN:327,<impl Float for DualNumber<T>>::sin
FN:332,<impl Float for DualNumber<T>>::cos
FN:337,<impl Float for DualNumber<T>>::tan
FN:342,<impl Float for DualNumber<T>>::asin
FN:347,<impl Float for DualNumber<T>>::acos
FN:352,<impl Float for DualNumber<T>>::atan
FN:357,<impl Float for DualNumber<T>>::atan2
FN:362,<impl Float for DualNumber<T>>::sin_cos
FN:367,<impl Float for DualNumber<T>>::exp_m1
FN:372,<impl Float for DualNumber<T>>::ln_1p
FN:377,<impl Float for DualNumber<T>>::sinh
FN:382,<impl Float for DualNumber<T>>::cosh
FN:387,<impl Float for DualNumber<T>>::tanh
FN:392,<impl Float for DualNumber<T>>::asinh
FN:397,<impl Float for DualNumber<T>>::acosh
FN:402,<impl Float for DualNumber<T>>::atanh
FN:407,<impl Float for DualNumber<T>>::integer_decode
FN:412,<impl Float for DualNumber<T>>::to_degrees
FN:417,<impl Float for DualNumber<T>>::to_radians
FNF:71
FNDA:1,<impl Zero for DualNumber<T>>::zero
FNDA:1,<impl Zero for DualNumber<T>>::is_zero
FNDA:4,<impl One for DualNumber<T>>::one
FNDA:1,<impl One for DualNumber<T>>::is_one
FNDA:0,<impl ToPrimitive for DualNumber<T>>::to_i64
FNDA:0,<impl ToPrimitive for DualNumber<T>>::to_u64
FNDA:0,<impl ToPrimitive for DualNumber<T>>::to_f32
FNDA:0,<impl ToPrimitive for DualNumber<T>>::to_f64
FNDA:0,<impl FromPrimitive for DualNumber<T>>::from_i64
FNDA:0,<impl FromPrimitive for DualNumber<T>>::from_u64
FNDA:0,<impl FromPrimitive for DualNumber<T>>::from_f32
FNDA:0,<impl FromPrimitive for DualNumber<T>>::from_f64
FNDA:0,<impl NumCast for DualNumber<T>>::from
FNDA:0,<impl Num for DualNumber<T>>::from_str_radix
FNDA:1,<impl Float for DualNumber<T>>::nan
FNDA:1,<impl Float for DualNumber<T>>::infinity
FNDA:0,<impl Float for DualNumber<T>>::neg_infinity
FNDA:0,<impl Float for DualNumber<T>>::neg_zero
FNDA:0,<impl Float for DualNumber<T>>::min_value
FNDA:0,<impl Float for DualNumber<T>>::min_positive_value
FNDA:0,<impl Float for DualNumber<T>>::epsilon
FNDA:0,<impl Float for DualNumber<T>>::max_value
FNDA:1,<impl Float for DualNumber<T>>::is_nan
FNDA:1,<impl Float for DualNumber<T>>::is_infinite
FNDA:2,<impl Float for DualNumber<T>>::is_finite
FNDA:0,<impl Float for DualNumber<T>>::is_normal
FNDA:0,<impl Float for DualNumber<T>>::classify
FNDA:0,<impl Float for DualNumber<T>>::floor
FNDA:0,<impl Float for DualNumber<T>>::ceil
FNDA:0,<impl Float for DualNumber<T>>::round
FNDA:0,<impl Float for DualNumber<T>>::trunc
FNDA:0,<impl Float for DualNumber<T>>::fract
FNDA:0,<impl Float for DualNumber<T>>::abs
FNDA:0,<impl Float for DualNumber<T>>::signum
FNDA:0,<impl Float for DualNumber<T>>::is_sign_positive
FNDA:0,<impl Float for DualNumber<T>>::is_sign_negative
FNDA:0,<impl Float for DualNumber<T>>::mul_add
FNDA:0,<impl Float for DualNumber<T>>::recip
FNDA:0,<impl Float for DualNumber<T>>::powi
FNDA:0,<impl Float for DualNumber<T>>::powf
FNDA:0,<impl Float for DualNumber<T>>::sqrt
FNDA:1,<impl Float for DualNumber<T>>::exp
FNDA:0,<impl Float for DualNumber<T>>::exp2
FNDA:0,<impl Float for DualNumber<T>>::ln
FNDA:0,<impl Float for DualNumber<T>>::log
FNDA:0,<impl Float for DualNumber<T>>::log2
FNDA:0,<impl Float for DualNumber<T>>::log10
FNDA:3,<impl Float for DualNumber<T>>::max
FNDA:2,<impl Float for DualNumber<T>>::min
FNDA:0,<impl Float for DualNumber<T>>::abs_sub
FNDA:0,<impl Float for DualNumber<T>>::cbrt
FNDA:0,<impl Float for DualNumber<T>>::hypot
FNDA:2,<impl Float for DualNumber<T>>::sin
FNDA:1,<impl Float for DualNumber<T>>::cos
FNDA:0,<impl Float for DualNumber<T>>::tan
FNDA:0,<impl Float for DualNumber<T>>::asin
FNDA:0,<impl Float for DualNumber<T>>::acos
FNDA:0,<impl Float for DualNumber<T>>::atan
FNDA:0,<impl Float for DualNumber<T>>::atan2
FNDA:0,<impl Float for DualNumber<T>>::sin_cos
FNDA:0,<impl Float for DualNumber<T>>::exp_m1
FNDA:0,<impl Float for DualNumber<T>>::ln_1p
FNDA:0,<impl Float for DualNumber<T>>::sinh
FNDA:0,<impl Float for DualNumber<T>>::cosh
FNDA:0,<impl Float for DualNumber<T>>::tanh
FNDA:0,<impl Float for DualNumber<T>>::asinh
FNDA:0,<impl Float for DualNumber<T>>::acosh
FNDA:0,<impl Float for DualNumber<T>>::atanh
FNDA:0,<impl Float for DualNumber<T>>::integer_decode
FNDA:0,<impl Float for DualNumber<T>>::to_degrees
FNDA:0,<impl Float for DualNumber<T>>::to_radians
DA:20,1
DA:22,1
DA:23,1
DA:28,1
DA:29,4
DA:39,4
DA:41,4
DA:42,4
DA:47,1
DA:48,4
DA:58,0
DA:59,0
DA:63,0
DA:64,0
DA:68,0
DA:69,0
DA:73,0
DA:74,0
DA:84,0
DA:85,0
DA:89,0
DA:90,0
DA:94,0
DA:95,0
DA:99,0
DA:100,0
DA:110,0
DA:111,0
DA:122,0
DA:123,0
DA:133,1
DA:134,2
DA:138,1
DA:139,2
DA:143,0
DA:144,0
DA:148,0
DA:149,0
DA:153,0
DA:154,0
DA:158,0
DA:159,0
DA:163,0
DA:164,0
DA:168,0
DA:169,0
DA:173,1
DA:174,2
DA:178,1
DA:179,2
DA:183,2
DA:184,4
DA:188,0
DA:189,0
DA:193,0
DA:194,0
DA:198,0
DA:199,0
DA:203,0
DA:204,0
DA:208,0
DA:209,0
DA:213,0
DA:214,0
DA:218,0
DA:219,0
DA:223,0
DA:224,0
DA:228,0
DA:229,0
DA:233,0
DA:234,0
DA:238,0
DA:239,0
DA:243,0
DA:244,0
DA:248,0
DA:249,0
DA:253,0
DA:254,0
DA:258,0
DA:259,0
DA:263,0
DA:264,0
DA:268,1
DA:269,2
DA:273,0
DA:274,0
DA:278,0
DA:279,0
DA:283,0
DA:284,0
DA:288,0
DA:289,0
DA:293,0
DA:294,0
DA:298,3
DA:299,6
DA:303,2
DA:304,4
DA:308,0
DA:309,0
DA:310,0
DA:312,0
DA:317,0
DA:318,0
DA:322,0
DA:323,0
DA:327,2
DA:328,4
DA:332,1
DA:333,2
DA:337,0
DA:338,0
DA:342,0
DA:343,0
DA:347,0
DA:348,0
DA:352,0
DA:353,0
DA:357,0
DA:358,0
DA:362,0
DA:363,0
DA:367,0
DA:368,0
DA:372,0
DA:373,0
DA:377,0
DA:378,0
DA:382,0
DA:383,0
DA:387,0
DA:388,0
DA:392,0
DA:393,0
DA:397,0
DA:398,0
DA:402,0
DA:403,0
DA:407,0
DA:408,0
DA:412,0
DA:413,0
DA:417,0
DA:418,0
LF:146
LH:30
end_of_record
TN:
SF:/home/doll/ferray/ferray-core/src/array/arc.rs
FN:36,ArcArray<T,D>::from_owned
FN:82,ArcArray<T,D>::shape
FN:88,ArcArray<T,D>::ndim
FN:94,ArcArray<T,D>::size
FN:100,ArcArray<T,D>::is_empty
FN:106,ArcArray<T,D>::strides
FN:111,ArcArray<T,D>::layout
FN:117,ArcArray<T,D>::dim
FN:122,ArcArray<T,D>::ref_count
FN:127,ArcArray<T,D>::is_unique
FN:132,ArcArray<T,D>::as_slice
FN:138,ArcArray<T,D>::as_ptr
FN:147,ArcArray<T,D>::view
FN:159,ArcArray<T,D>::make_unique
FN:168,ArcArray<T,D>::as_slice_mut
FN:179,ArcArray<T,D>::mapv_inplace
FN:190,ArcArray<T,D>::into_owned
FN:204,ArcArray<T,D>::copy
FN:215,ArcArray<T,D>::flags
FN:227,<impl Clone for ArcArray<T,D>>::clone
FN:238,<impl From for ArcArray<T,D>>::from
FN:244,compute_c_strides
FNF:22
FNDA:12,ArcArray<T,D>::from_owned
FNDA:2,ArcArray<T,D>::shape
FNDA:0,ArcArray<T,D>::ndim
FNDA:28,ArcArray<T,D>::size
FNDA:0,ArcArray<T,D>::is_empty
FNDA:0,ArcArray<T,D>::strides
FNDA:0,ArcArray<T,D>::layout
FNDA:1,ArcArray<T,D>::dim
FNDA:8,ArcArray<T,D>::ref_count
FNDA:0,ArcArray<T,D>::is_unique
FNDA:21,ArcArray<T,D>::as_slice
FNDA:10,ArcArray<T,D>::as_ptr
FNDA:1,ArcArray<T,D>::view
FNDA:4,ArcArray<T,D>::make_unique
FNDA:3,ArcArray<T,D>::as_slice_mut
FNDA:1,ArcArray<T,D>::mapv_inplace
FNDA:1,ArcArray<T,D>::into_owned
FNDA:1,ArcArray<T,D>::copy
FNDA:0,ArcArray<T,D>::flags
FNDA:3,<impl Clone for ArcArray<T,D>>::clone
FNDA:0,<impl From for ArcArray<T,D>>::from
FNDA:0,compute_c_strides
DA:36,12
DA:37,36
DA:38,48
DA:40,24
DA:42,24
DA:44,36
DA:51,0
DA:52,0
DA:53,0
DA:55,0
DA:58,0
DA:60,0
DA:67,0
DA:68,0
DA:69,0
DA:71,0
DA:82,2
DA:83,2
DA:88,0
DA:89,0
DA:94,28
DA:95,56
DA:100,0
DA:101,0
DA:106,0
DA:107,0
DA:111,0
DA:112,0
DA:117,1
DA:118,1
DA:122,8
DA:123,16
DA:127,0
DA:128,0
DA:132,21
DA:133,84
DA:138,10
DA:139,20
DA:147,1
DA:148,3
DA:149,3
DA:150,4
DA:152,2
DA:159,4
DA:160,6
DA:161,12
DA:162,8
DA:163,2
DA:168,3
DA:169,6
DA:170,9
DA:171,6
DA:172,15
DA:174,12
DA:179,1
DA:180,2
DA:181,3
DA:182,2
DA:183,5
DA:184,9
DA:185,9
DA:190,1
DA:191,5
DA:192,1
DA:193,2
DA:194,0
DA:197,0
DA:199,5
DA:204,1
DA:205,3
DA:207,3
DA:208,3
DA:209,1
DA:215,0
DA:216,0
DA:218,0
DA:219,0
DA:227,3
DA:229,9
DA:230,9
DA:231,6
DA:232,3
DA:238,0
DA:239,0
DA:244,0
DA:245,0
DA:246,0
DA:247,0
DA:249,0
DA:250,0
DA:251,0
DA:252,0
DA:254,0
LF:93
LH:56
end_of_record
TN:
SF:/home/doll/ferray/ferray-core/src/array/cow.rs
FN:24,CowArray<'a,T,D>::from_view
FN:29,CowArray<'a,T,D>::from_owned
FN:35,CowArray<'a,T,D>::shape
FN:44,CowArray<'a,T,D>::ndim
FN:53,CowArray<'a,T,D>::size
FN:62,CowArray<'a,T,D>::is_empty
FN:67,CowArray<'a,T,D>::layout
FN:75,CowArray<'a,T,D>::is_borrowed
FN:80,CowArray<'a,T,D>::is_owned
FN:85,CowArray<'a,T,D>::into_owned
FN:94,CowArray<'a,T,D>::to_mut
FN:108,CowArray<'a,T,D>::view
FN:120,CowArray<'a,T,D>::as_ptr
FN:128,CowArray<'a,T,D>::flags
FN:145,<impl Clone for CowArray<'_,T,D>>::clone
FN:154,<impl From for CowArray<'_,T,D>>::from
FN:160,<impl From for CowArray<'a,T,D>>::from
FNF:17
FNDA:3,CowArray<'a,T,D>::from_view
FNDA:2,CowArray<'a,T,D>::from_owned
FNDA:5,CowArray<'a,T,D>::shape
FNDA:0,CowArray<'a,T,D>::ndim
FNDA:0,CowArray<'a,T,D>::size
FNDA:0,CowArray<'a,T,D>::is_empty
FNDA:4,CowArray<'a,T,D>::layout
FNDA:7,CowArray<'a,T,D>::is_borrowed
FNDA:5,CowArray<'a,T,D>::is_owned
FNDA:5,CowArray<'a,T,D>::into_owned
FNDA:1,CowArray<'a,T,D>::to_mut
FNDA:0,CowArray<'a,T,D>::view
FNDA:0,CowArray<'a,T,D>::as_ptr
FNDA:0,CowArray<'a,T,D>::flags
FNDA:0,<impl Clone for CowArray<'_,T,D>>::clone
FNDA:0,<impl From for CowArray<'_,T,D>>::from
FNDA:0,<impl From for CowArray<'a,T,D>>::from
DA:24,3
DA:25,3
DA:29,2
DA:30,2
DA:35,5
DA:36,5
DA:37,6
DA:38,4
DA:44,0
DA:45,0
DA:46,0
DA:47,0
DA:53,0
DA:54,0
DA:55,0
DA:56,0
DA:62,0
DA:63,0
DA:67,4
DA:68,4
DA:69,6
DA:70,6
DA:75,7
DA:76,14
DA:80,5
DA:81,10
DA:85,5
DA:86,5
DA:87,3
DA:88,8
DA:94,1
DA:95,3
DA:96,2
DA:98,1
DA:99,2
DA:108,0
DA:109,0
DA:110,0
DA:112,0
DA:114,0
DA:120,0
DA:121,0
DA:122,0
DA:123,0
DA:128,0
DA:129,0
DA:130,0
DA:131,0
DA:132,0
DA:134,0
DA:135,0
DA:145,0
DA:146,0
DA:147,0
DA:148,0
DA:154,0
DA:155,0
DA:160,0
DA:161,0
LF:59
LH:25
end_of_record
TN:
SF:/home/doll/ferray/ferray-core/src/array/display.rs
FN:30,set_print_options
FN:38,get_print_options
FN:52,format_array_data
FN:78,format_recursive
FN:159,write_element_at
FN:177,<impl Display for Array<T,D>>::fmt
FN:183,<impl Debug for Array<T,D>>::fmt
FN:195,<impl Display for ArrayView<'_,T,D>>::fmt
FN:201,<impl Debug for ArrayView<'_,T,D>>::fmt
FN:218,<impl Display for ArcArray<T,D>>::fmt
FN:229,<impl Debug for ArcArray<T,D>>::fmt
FN:247,<impl Display for CowArray<'_,T,D>>::fmt
FN:256,<impl Debug for CowArray<'_,T,D>>::fmt
FNF:13
FNDA:2,set_print_options
FNDA:7,get_print_options
FNDA:7,format_array_data
FNDA:9,format_recursive
FNDA:24,write_element_at
FNDA:5,<impl Display for Array<T,D>>::fmt
FNDA:1,<impl Debug for Array<T,D>>::fmt
FNDA:0,<impl Display for ArrayView<'_,T,D>>::fmt
FNDA:0,<impl Debug for ArrayView<'_,T,D>>::fmt
FNDA:1,<impl Display for ArcArray<T,D>>::fmt
FNDA:0,<impl Debug for ArcArray<T,D>>::fmt
FNDA:1,<impl Display for CowArray<'_,T,D>>::fmt
FNDA:0,<impl Debug for CowArray<'_,T,D>>::fmt
DA:30,2
DA:31,8
DA:32,8
DA:33,8
DA:34,8
DA:38,7
DA:40,28
DA:41,28
DA:42,28
DA:43,14
DA:52,7
DA:56,21
DA:57,21
DA:58,35
DA:59,35
DA:61,7
DA:64,0
DA:65,0
DA:66,0
DA:69,14
DA:71,14
DA:72,56
DA:73,14
DA:74,7
DA:78,9
DA:87,27
DA:88,27
DA:89,18
DA:90,19
DA:92,18
DA:93,9
DA:95,8
DA:96,27
DA:97,20
DA:98,26
DA:100,60
DA:101,60
DA:102,100
DA:105,3
DA:106,2
DA:107,2
DA:109,6
DA:110,6
DA:111,10
DA:113,2
DA:114,3
DA:115,4
DA:116,2
DA:118,6
DA:119,6
DA:120,10
DA:125,4
DA:127,1
DA:128,3
DA:129,2
DA:130,2
DA:132,6
DA:133,6
DA:134,16
DA:137,0
DA:138,0
DA:139,0
DA:141,0
DA:142,0
DA:143,0
DA:145,0
DA:146,0
DA:147,0
DA:148,0
DA:149,0
DA:150,0
DA:154,18
DA:155,9
DA:159,24
DA:166,72
DA:167,72
DA:168,48
DA:169,48
DA:177,5
DA:178,15
DA:183,1
DA:184,5
DA:185,3
DA:186,2
DA:195,0
DA:196,0
DA:201,0
DA:202,0
DA:203,0
DA:205,0
DA:206,0
DA:208,0
DA:209,0
DA:218,1
DA:220,3
DA:221,3
DA:222,1
DA:223,5
DA:224,3
DA:229,0
DA:230,0
DA:231,0
DA:233,0
DA:234,0
DA:235,0
DA:237,0
DA:238,0
DA:247,1
DA:248,1
DA:249,0
DA:250,4
DA:256,0
DA:257,0
DA:258,0
DA:259,0
DA:260,0
DA:261,0
DA:263,0
DA:264,0
DA:265,0
DA:266,0
LF:121
LH:78
end_of_record
TN:
SF:/home/doll/ferray/ferray-core/src/array/index_impl.rs
FN:17,flat_offset
FN:85,<impl Index for Array<T,crate::dimension::IxDyn>>::index
FN:109,<impl IndexMut for Array<T,crate::dimension::IxDyn>>::index_mut
FNF:3
FNDA:22,flat_offset
FNDA:4,<impl Index for Array<T,crate::dimension::IxDyn>>::index
FNDA:1,<impl IndexMut for Array<T,crate::dimension::IxDyn>>::index_mut
DA:17,22
DA:18,110
DA:19,44
DA:20,276
DA:21,48
DA:22,48
DA:23,0
DA:25,47
DA:27,21
DA:36,16
DA:37,64
DA:41,32
DA:42,16
DA:45,0
DA:46,0
DA:47,0
DA:48,0
DA:50,0
DA:57,2
DA:59,6
DA:60,6
DA:61,4
DA:62,6
DA:63,20
DA:64,4
DA:67,6
DA:85,4
DA:86,4
DA:87,8
DA:88,8
DA:89,0
DA:90,2
DA:91,2
DA:93,12
DA:94,6
DA:95,3
DA:97,0
DA:98,0
DA:99,0
DA:100,0
DA:102,0
DA:109,1
DA:110,1
DA:111,2
DA:112,2
DA:113,0
DA:114,0
DA:115,0
DA:117,3
DA:118,3
DA:119,2
DA:120,3
DA:121,7
DA:122,1
DA:125,3
LF:55
LH:40
end_of_record
TN:
SF:/home/doll/ferray/ferray-core/src/array/introspect.rs
FN:18,Array<T,D>::itemsize
FN:24,Array<T,D>::nbytes
FN:30,Array<T,D>::dtype
FN:39,Array<T,D>::t
FN:46,Array<T,D>::copy
FN:54,Array<T,D>::to_vec_flat
FN:62,Array<T,D>::to_bytes
FN:77,Array<T,D>::flags
FN:95,ArrayView<'_,T,D>::itemsize
FN:101,ArrayView<'_,T,D>::nbytes
FN:107,ArrayView<'_,T,D>::dtype
FN:112,ArrayView<'_,T,D>::t
FNF:12
FNDA:3,Array<T,D>::itemsize
FNDA:2,Array<T,D>::nbytes
FNDA:6,Array<T,D>::dtype
FNDA:4,Array<T,D>::t
FNDA:1,Array<T,D>::copy
FNDA:1,Array<T,D>::to_vec_flat
FNDA:1,Array<T,D>::to_bytes
FNDA:1,Array<T,D>::flags
FNDA:2,ArrayView<'_,T,D>::itemsize
FNDA:1,ArrayView<'_,T,D>::nbytes
FNDA:1,ArrayView<'_,T,D>::dtype
FNDA:2,ArrayView<'_,T,D>::t
DA:18,3
DA:19,3
DA:24,2
DA:25,6
DA:30,6
DA:31,6
DA:39,4
DA:40,12
DA:41,8
DA:46,1
DA:48,3
DA:49,1
DA:54,1
DA:55,3
DA:62,1
DA:66,3
DA:67,0
DA:69,4
DA:70,3
DA:73,2
DA:77,1
DA:78,3
DA:80,3
DA:81,1
DA:95,2
DA:96,2
DA:101,1
DA:102,3
DA:107,1
DA:108,1
DA:112,2
DA:113,8
DA:114,4
LF:33
LH:32
end_of_record
TN:
SF:/home/doll/ferray/ferray-core/src/array/iter.rs
FN:19,Array<T,D>::iter
FN:24,Array<T,D>::iter_mut
FN:39,Array<T,D>::indexed_iter
FN:47,Array<T,D>::flat
FN:58,Array<T,D>::lanes
FN:81,Array<T,D>::axis_iter
FN:103,Array<T,D>::axis_iter_mut
FN:130,<impl IntoIterator for Array<T,D>>::into_iter
FN:139,<impl IntoIterator for &'aArray<T,D>>::into_iter
FN:148,<impl IntoIterator for &'amutArray<T,D>>::into_iter
FN:159,ArrayView<'_,T,D>::iter
FN:164,ArrayView<'_,T,D>::flat
FN:169,ArrayView<'_,T,D>::indexed_iter
FNF:13
FNDA:44756,Array<T,D>::iter
FNDA:15,Array<T,D>::iter_mut
FNDA:8,Array<T,D>::indexed_iter
FNDA:1,Array<T,D>::flat
FNDA:5,Array<T,D>::lanes
FNDA:2,Array<T,D>::axis_iter
FNDA:1,Array<T,D>::axis_iter_mut
FNDA:1,<impl IntoIterator for Array<T,D>>::into_iter
FNDA:1,<impl IntoIterator for &'aArray<T,D>>::into_iter
FNDA:0,<impl IntoIterator for &'amutArray<T,D>>::into_iter
FNDA:1773,ArrayView<'_,T,D>::iter
FNDA:0,ArrayView<'_,T,D>::flat
FNDA:0,ArrayView<'_,T,D>::indexed_iter
DA:19,44756
DA:20,44756
DA:24,15
DA:25,15
DA:39,8
DA:40,60
DA:41,132
DA:42,88
DA:47,1
DA:48,1
DA:58,5
DA:62,15
DA:63,10
DA:64,3
DA:66,8
DA:67,8
DA:68,8
DA:69,4
DA:70,4
DA:71,20
DA:81,2
DA:88,6
DA:89,4
DA:90,3
DA:92,2
DA:93,6
DA:94,9
DA:95,6
DA:103,1
DA:110,3
DA:111,2
DA:112,0
DA:114,2
DA:115,5
DA:116,6
DA:117,4
DA:130,1
DA:131,2
DA:139,1
DA:140,1
DA:148,0
DA:149,0
DA:159,1773
DA:160,1773
DA:164,0
DA:165,0
DA:169,0
DA:170,0
DA:171,0
DA:172,0
LF:50
LH:41
end_of_record
TN:
SF:/home/doll/ferray/ferray-core/src/array/methods.rs
FN:19,Array<T,D>::mapv
FN:25,Array<T,D>::mapv_inplace
FN:37,Array<T,D>::zip_mut_with
FN:60,Array<T,D>::fold_axis
FN:84,Array<T,D>::map_to
FN:94,Array<T,D>::to_dyn
FN:102,Array<T,D>::into_dyn
FN:114,Array<T,D>::as_standard_layout
FN:138,Array<T,D>::as_fortran_layout
FN:163,ArrayView<'_,T,D>::mapv
FN:169,ArrayView<'_,T,D>::fold_axis
FNF:11
FNDA:4,Array<T,D>::mapv
FNDA:7,Array<T,D>::mapv_inplace
FNDA:8,Array<T,D>::zip_mut_with
FNDA:14,Array<T,D>::fold_axis
FNDA:1,Array<T,D>::map_to
FNDA:25,Array<T,D>::to_dyn
FNDA:0,Array<T,D>::into_dyn
FNDA:4,Array<T,D>::as_standard_layout
FNDA:4,Array<T,D>::as_fortran_layout
FNDA:1,ArrayView<'_,T,D>::mapv
FNDA:0,ArrayView<'_,T,D>::fold_axis
DA:19,4
DA:20,12
DA:21,8
DA:25,7
DA:26,14
DA:37,8
DA:38,16
DA:39,3
DA:40,1
DA:41,3
DA:42,1
DA:45,84
DA:46,7
DA:60,14
DA:69,42
DA:70,28
DA:71,3
DA:73,26
DA:74,26
DA:75,290
DA:76,39
DA:77,13
DA:84,1
DA:85,3
DA:86,2
DA:94,25
DA:95,100
DA:96,50
DA:102,0
DA:103,0
DA:104,0
DA:114,4
DA:119,8
DA:120,2
DA:125,12
DA:126,10
DA:128,2
DA:138,4
DA:142,8
DA:143,2
DA:149,10
DA:150,10
DA:152,2
DA:163,1
DA:164,3
DA:165,2
DA:169,0
DA:178,0
DA:179,0
DA:180,0
DA:182,0
DA:183,0
DA:184,0
DA:185,0
DA:186,0
LF:55
LH:43
end_of_record
TN:
SF:/home/doll/ferray/ferray-core/src/array/owned.rs
FN:32,Array<T,D>::from_ndarray
FN:45,Array<T,D>::into_ndarray
FN:56,Array<T,D>::from_elem
FN:63,Array<T,D>::zeros
FN:68,Array<T,D>::ones
FN:77,Array<T,D>::from_vec
FN:97,Array<T,D>::from_vec_f
FN:118,Array<T,D>::from_iter_1d
FN:128,Array<T,D>::layout
FN:138,Array<T,D>::ndim
FN:144,Array<T,D>::shape
FN:150,Array<T,D>::strides
FN:156,Array<T,D>::size
FN:162,Array<T,D>::is_empty
FN:168,Array<T,D>::as_ptr
FN:174,Array<T,D>::as_mut_ptr
FN:179,Array<T,D>::as_slice
FN:184,Array<T,D>::as_slice_mut
FN:190,Array<T,D>::dim
FN:208,<impl Clone for Array<T,D>>::clone
FN:217,<impl PartialEq for Array<T,D>>::eq
FNF:21
FNDA:1934,Array<T,D>::from_ndarray
FNDA:1,Array<T,D>::into_ndarray
FNDA:1854,Array<T,D>::from_elem
FNDA:545,Array<T,D>::zeros
FNDA:1040,Array<T,D>::ones
FNDA:82233,Array<T,D>::from_vec
FNDA:15,Array<T,D>::from_vec_f
FNDA:2,Array<T,D>::from_iter_1d
FNDA:12,Array<T,D>::layout
FNDA:1444,Array<T,D>::ndim
FNDA:51230,Array<T,D>::shape
FNDA:2789,Array<T,D>::strides
FNDA:12564,Array<T,D>::size
FNDA:3002,Array<T,D>::is_empty
FNDA:3058,Array<T,D>::as_ptr
FNDA:3,Array<T,D>::as_mut_ptr
FNDA:38713,Array<T,D>::as_slice
FNDA:151,Array<T,D>::as_slice_mut
FNDA:13793,Array<T,D>::dim
FNDA:582,<impl Clone for Array<T,D>>::clone
FNDA:4,<impl PartialEq for Array<T,D>>::eq
DA:32,1934
DA:33,5802
DA:45,1
DA:46,1
DA:56,1854
DA:57,5562
DA:58,7416
DA:59,1854
DA:63,545
DA:64,1635
DA:68,1040
DA:69,3120
DA:77,82233
DA:78,246699
DA:79,164466
DA:80,3
DA:81,1
DA:82,3
DA:83,1
DA:84,1
DA:87,246696
DA:88,328928
DA:89,82232
DA:90,82232
DA:97,15
DA:98,45
DA:99,30
DA:100,0
DA:101,0
DA:102,0
DA:103,0
DA:104,0
DA:107,45
DA:108,75
DA:109,15
DA:110,45
DA:111,15
DA:118,2
DA:122,6
DA:123,6
DA:124,2
DA:128,12
DA:130,24
DA:131,12
DA:132,12
DA:138,1444
DA:139,2888
DA:144,51230
DA:145,51230
DA:150,2789
DA:151,2789
DA:156,12564
DA:157,25128
DA:162,3002
DA:163,6004
DA:168,3058
DA:169,6116
DA:174,3
DA:175,6
DA:179,38713
DA:180,38713
DA:184,151
DA:185,302
DA:190,13793
DA:191,13793
DA:208,582
DA:210,1746
DA:211,582
DA:217,4
DA:218,4
LF:70
LH:65
end_of_record
TN:
SF:/home/doll/ferray/ferray-core/src/array/reductions.rs
FN:32,reduce_step
FN:68,Array<T,D>::sum
FN:83,Array<T,D>::sum_axis
FN:94,Array<T,D>::prod
FN:106,Array<T,D>::prod_axis
FN:129,Array<T,D>::min
FN:138,Array<T,D>::max
FN:149,Array<T,D>::min_axis
FN:180,Array<T,D>::max_axis
FN:202,Array<T,D>::fold_axis_min_max
FN:235,Array<T,D>::mean
FN:248,Array<T,D>::mean_axis
FN:273,Array<T,D>::var
FN:286,Array<T,D>::std
FN:300,Array<bool,D>::any
FN:305,Array<bool,D>::all
FN:320,ArrayView<'_,T,D>::sum
FN:332,ArrayView<'_,T,D>::prod
FN:350,ArrayView<'_,T,D>::min
FN:357,ArrayView<'_,T,D>::max
FN:370,ArrayView<'_,T,D>::mean
FNF:21
FNDA:52,reduce_step
FNDA:2,Array<T,D>::sum
FNDA:4,Array<T,D>::sum_axis
FNDA:2,Array<T,D>::prod
FNDA:2,Array<T,D>::prod_axis
FNDA:6,Array<T,D>::min
FNDA:6,Array<T,D>::max
FNDA:2,Array<T,D>::min_axis
FNDA:2,Array<T,D>::max_axis
FNDA:4,Array<T,D>::fold_axis_min_max
FNDA:5,Array<T,D>::mean
FNDA:2,Array<T,D>::mean_axis
FNDA:5,Array<T,D>::var
FNDA:1,Array<T,D>::std
FNDA:4,Array<bool,D>::any
FNDA:4,Array<bool,D>::all
FNDA:1,ArrayView<'_,T,D>::sum
FNDA:0,ArrayView<'_,T,D>::prod
FNDA:1,ArrayView<'_,T,D>::min
FNDA:1,ArrayView<'_,T,D>::max
FNDA:1,ArrayView<'_,T,D>::mean
DA:32,52
DA:33,208
DA:34,52
DA:35,6
DA:37,184
DA:38,46
DA:39,4
DA:41,168
DA:42,5
DA:43,12
DA:44,25
DA:68,2
DA:72,4
DA:73,12
DA:74,4
DA:76,2
DA:83,4
DA:88,64
DA:94,2
DA:98,4
DA:99,12
DA:100,4
DA:102,2
DA:106,2
DA:111,32
DA:129,6
DA:130,24
DA:131,18
DA:132,63
DA:138,6
DA:139,24
DA:140,18
DA:141,63
DA:149,2
DA:159,6
DA:160,4
DA:161,0
DA:162,0
DA:163,0
DA:166,6
DA:167,0
DA:168,0
DA:174,6
DA:180,2
DA:184,6
DA:185,4
DA:186,0
DA:187,0
DA:188,0
DA:191,6
DA:192,0
DA:193,0
DA:196,6
DA:202,4
DA:206,8
DA:209,12
DA:210,20
DA:211,18
DA:212,30
DA:213,40
DA:214,96
DA:215,30
DA:219,16
DA:220,16
DA:221,16
DA:235,5
DA:236,15
DA:237,5
DA:238,1
DA:240,12
DA:243,46
DA:244,12
DA:248,2
DA:252,6
DA:253,4
DA:254,0
DA:255,0
DA:256,0
DA:259,8
DA:260,2
DA:261,0
DA:262,0
DA:265,8
DA:266,8
DA:267,14
DA:273,5
DA:274,15
DA:275,10
DA:276,2
DA:278,9
DA:279,36
DA:280,45
DA:282,9
DA:286,1
DA:287,4
DA:300,4
DA:301,8
DA:305,4
DA:306,8
DA:320,1
DA:324,2
DA:325,10
DA:326,4
DA:328,1
DA:332,0
DA:336,0
DA:337,0
DA:338,0
DA:340,0
DA:350,1
DA:351,4
DA:352,3
DA:353,12
DA:357,1
DA:358,4
DA:359,3
DA:360,12
DA:370,1
DA:371,3
DA:372,1
DA:373,0
DA:375,3
DA:378,10
DA:379,3
LF:124
LH:103
end_of_record
TN:
SF:/home/doll/ferray/ferray-core/src/array/serde_impl.rs
FN:20,<impl Serialize for Array<T,D>>::serialize
FN:33,<impl Deserialize for Array<T,D>>::deserialize
FN:50,<impl Deserialize for Array<T,D>>::deserialize::<impl Visitor for ArrayVisitor<T,D>>::expecting
FN:54,<impl Deserialize for Array<T,D>>::deserialize::<impl Visitor for ArrayVisitor<T,D>>::visit_seq
FN:64,<impl Deserialize for Array<T,D>>::deserialize::<impl Visitor for ArrayVisitor<T,D>>::visit_map
FN:105,build_array
FNF:6
FNDA:0,<impl Serialize for Array<T,D>>::serialize
FNDA:0,<impl Deserialize for Array<T,D>>::deserialize
FNDA:0,<impl Deserialize for Array<T,D>>::deserialize::<impl Visitor for ArrayVisitor<T,D>>::expecting
FNDA:0,<impl Deserialize for Array<T,D>>::deserialize::<impl Visitor for ArrayVisitor<T,D>>::visit_seq
FNDA:0,<impl Deserialize for Array<T,D>>::deserialize::<impl Visitor for ArrayVisitor<T,D>>::visit_map
FNDA:0,build_array
DA:20,0
DA:21,0
DA:22,0
DA:23,0
DA:24,0
DA:33,0
DA:43,0
DA:50,0
DA:51,0
DA:54,0
DA:55,0
DA:57,0
DA:58,0
DA:60,0
DA:61,0
DA:64,0
DA:65,0
DA:66,0
DA:67,0
DA:68,0
DA:70,0
DA:71,0
DA:73,0
DA:76,0
DA:77,0
DA:79,0
DA:83,0
DA:84,0
DA:85,0
DA:89,0
DA:91,0
DA:92,0
DA:105,0
DA:106,0
DA:107,0
DA:108,0
DA:109,0
DA:119,0
DA:120,0
DA:121,0
DA:123,0
DA:125,0
LF:42
LH:0
end_of_record
TN:
SF:/home/doll/ferray/ferray-core/src/array/sort.rs
FN:21,nan_last_cmp
FN:51,Array<T,D>::sorted
FN:67,Array<T,D>::argsort
FNF:3
FNDA:45,nan_last_cmp
FNDA:4,Array<T,D>::sorted
FNDA:3,Array<T,D>::argsort
DA:21,45
DA:22,127
DA:23,37
DA:25,32
DA:26,32
DA:27,8
DA:28,1
DA:29,2
DA:30,5
DA:34,0
DA:51,4
DA:52,24
DA:53,4
DA:54,12
DA:55,16
DA:67,3
DA:68,18
DA:69,12
DA:70,69
DA:71,9
DA:72,12
LF:21
LH:20
end_of_record
TN:
SF:/home/doll/ferray/ferray-core/src/array/view.rs
FN:23,ArrayView<'a,T,D>::from_ndarray
FN:30,ArrayView<'a,T,D>::shape
FN:36,ArrayView<'a,T,D>::ndim
FN:42,ArrayView<'a,T,D>::size
FN:48,ArrayView<'a,T,D>::is_empty
FN:54,ArrayView<'a,T,D>::strides
FN:60,ArrayView<'a,T,D>::as_ptr
FN:65,ArrayView<'a,T,D>::as_slice
FN:70,ArrayView<'a,T,D>::layout
FN:80,ArrayView<'a,T,D>::dim
FN:85,ArrayView<'a,T,D>::to_owned
FN:93,ArrayView<'a,T,D>::to_vec_flat
FN:98,ArrayView<'a,T,D>::flags
FN:127,ArrayView<'_,T,IxDyn>::from_shape_ptr
FN:137,<impl Clone for ArrayView<'_,T,D>>::clone
FN:148,Array<T,D>::view
FNF:16
FNDA:3365,ArrayView<'a,T,D>::from_ndarray
FNDA:1858,ArrayView<'a,T,D>::shape
FNDA:7,ArrayView<'a,T,D>::ndim
FNDA:269,ArrayView<'a,T,D>::size
FNDA:0,ArrayView<'a,T,D>::is_empty
FNDA:0,ArrayView<'a,T,D>::strides
FNDA:14,ArrayView<'a,T,D>::as_ptr
FNDA:12,ArrayView<'a,T,D>::as_slice
FNDA:5,ArrayView<'a,T,D>::layout
FNDA:0,ArrayView<'a,T,D>::dim
FNDA:9,ArrayView<'a,T,D>::to_owned
FNDA:0,ArrayView<'a,T,D>::to_vec_flat
FNDA:2,ArrayView<'a,T,D>::flags
FNDA:1563,ArrayView<'_,T,IxDyn>::from_shape_ptr
FNDA:0,<impl Clone for ArrayView<'_,T,D>>::clone
FNDA:24,Array<T,D>::view
DA:23,3365
DA:24,10095
DA:30,1858
DA:31,1858
DA:36,7
DA:37,14
DA:42,269
DA:43,538
DA:48,0
DA:49,0
DA:54,0
DA:55,0
DA:60,14
DA:61,28
DA:65,12
DA:66,12
DA:70,5
DA:72,10
DA:73,5
DA:74,5
DA:80,0
DA:81,0
DA:85,9
DA:86,27
DA:93,0
DA:94,0
DA:98,2
DA:99,6
DA:101,6
DA:102,2
DA:127,1563
DA:128,4689
DA:129,4689
DA:130,1563
DA:131,7815
DA:132,3126
DA:137,0
DA:139,0
DA:140,0
DA:148,24
DA:149,48
LF:41
LH:30
end_of_record
TN:
SF:/home/doll/ferray/ferray-core/src/array/view_mut.rs
FN:21,ArrayViewMut<'a,T,D>::from_ndarray
FN:28,ArrayViewMut<'a,T,D>::shape
FN:34,ArrayViewMut<'a,T,D>::ndim
FN:40,ArrayViewMut<'a,T,D>::size
FN:46,ArrayViewMut<'a,T,D>::is_empty
FN:52,ArrayViewMut<'a,T,D>::strides
FN:58,ArrayViewMut<'a,T,D>::as_ptr
FN:64,ArrayViewMut<'a,T,D>::as_mut_ptr
FN:69,ArrayViewMut<'a,T,D>::as_slice
FN:74,ArrayViewMut<'a,T,D>::as_slice_mut
FN:79,ArrayViewMut<'a,T,D>::layout
FN:89,ArrayViewMut<'a,T,D>::dim
FN:94,ArrayViewMut<'a,T,D>::to_vec_flat
FN:99,ArrayViewMut<'a,T,D>::flags
FN:113,Array<T,D>::view_mut
FNF:15
FNDA:6,ArrayViewMut<'a,T,D>::from_ndarray
FNDA:1,ArrayViewMut<'a,T,D>::shape
FNDA:1,ArrayViewMut<'a,T,D>::ndim
FNDA:0,ArrayViewMut<'a,T,D>::size
FNDA:0,ArrayViewMut<'a,T,D>::is_empty
FNDA:0,ArrayViewMut<'a,T,D>::strides
FNDA:0,ArrayViewMut<'a,T,D>::as_ptr
FNDA:0,ArrayViewMut<'a,T,D>::as_mut_ptr
FNDA:0,ArrayViewMut<'a,T,D>::as_slice
FNDA:4,ArrayViewMut<'a,T,D>::as_slice_mut
FNDA:2,ArrayViewMut<'a,T,D>::layout
FNDA:0,ArrayViewMut<'a,T,D>::dim
FNDA:0,ArrayViewMut<'a,T,D>::to_vec_flat
FNDA:2,ArrayViewMut<'a,T,D>::flags
FNDA:3,Array<T,D>::view_mut
DA:21,6
DA:22,18
DA:28,1
DA:29,1
DA:34,1
DA:35,2
DA:40,0
DA:41,0
DA:46,0
DA:47,0
DA:52,0
DA:53,0
DA:58,0
DA:59,0
DA:64,0
DA:65,0
DA:69,0
DA:70,0
DA:74,4
DA:75,8
DA:79,2
DA:81,4
DA:82,2
DA:83,2
DA:89,0
DA:90,0
DA:94,0
DA:95,0
DA:99,2
DA:100,6
DA:102,6
DA:103,2
DA:113,3
DA:114,6
LF:34
LH:18
end_of_record
TN:
SF:/home/doll/ferray/ferray-core/src/buffer.rs
FNF:0
DA:43,1
DA:44,3
DA:47,3
DA:48,3
DA:51,1
DA:52,2
DA:53,8
DA:56,3
DA:57,3
DA:60,2
DA:61,6
DA:64,0
DA:65,0
LF:13
LH:11
end_of_record
TN:
SF:/home/doll/ferray/ferray-core/src/creation/mod.rs
FN:26,array
FN:37,asarray
FN:48,frombuffer
FN:117,frombuffer_view
FN:188,fromiter
FN:195,zeros
FN:202,ones
FN:209,full
FN:216,zeros_like
FN:223,ones_like
FN:230,full_like
FN:253,UninitArray<T,D>::shape
FN:259,UninitArray<T,D>::size
FN:265,UninitArray<T,D>::ndim
FN:274,UninitArray<T,D>::as_mut_ptr
FN:282,UninitArray<T,D>::write_at
FN:301,UninitArray<T,D>::assume_init
FN:326,empty
FN:345,empty_like
FN:397,arange
FN:425,<impl LinspaceNum for f32>::from_f64
FN:429,<impl LinspaceNum for f32>::to_f64
FN:436,<impl LinspaceNum for f64>::from_f64
FN:440,<impl LinspaceNum for f64>::to_f64
FN:455,linspace
FN:490,logspace
FN:514,geomspace
FN:568,meshgrid
FN:633,mgrid
FN:650,ogrid
FN:673,identity
FN:682,eye
FN:702,diag
FN:742,diagflat
FN:755,tri
FN:775,tril
FN:801,triu
FN:834,vander
FN:880,copy
FN:889,ascontiguousarray
FN:908,asfortranarray
FN:923,asanyarray
FN:934,asarray_chkfinite
FN:958,require
FN:976,fromfunction
FN:1011,fromstring
FN:1045,fromfile
FNF:47
FNDA:1287,array
FNDA:1,asarray
FNDA:4,frombuffer
FNDA:7,frombuffer_view
FNDA:1,fromiter
FNDA:522,zeros
FNDA:520,ones
FNDA:4,full
FNDA:1,zeros_like
FNDA:1,ones_like
FNDA:1,full_like
FNDA:3,UninitArray<T,D>::shape
FNDA:12,UninitArray<T,D>::size
FNDA:1,UninitArray<T,D>::ndim
FNDA:0,UninitArray<T,D>::as_mut_ptr
FNDA:10,UninitArray<T,D>::write_at
FNDA:3,UninitArray<T,D>::assume_init
FNDA:4,empty
FNDA:2,empty_like
FNDA:15,arange
FNDA:0,<impl LinspaceNum for f32>::from_f64
FNDA:0,<impl LinspaceNum for f32>::to_f64
FNDA:13885,<impl LinspaceNum for f64>::from_f64
FNDA:529,<impl LinspaceNum for f64>::to_f64
FNDA:266,linspace
FNDA:1,logspace
FNDA:3,geomspace
FNDA:4,meshgrid
FNDA:1,mgrid
FNDA:1,ogrid
FNDA:1,identity
FNDA:9,eye
FNDA:5,diag
FNDA:1,diagflat
FNDA:1,tri
FNDA:2,tril
FNDA:2,triu
FNDA:4,vander
FNDA:1,copy
FNDA:1,ascontiguousarray
FNDA:0,asfortranarray
FNDA:0,asanyarray
FNDA:3,asarray_chkfinite
FNDA:1,require
FNDA:2,fromfunction
FNDA:4,fromstring
FNDA:0,fromfile
DA:26,1287
DA:27,3861
DA:37,1
DA:38,3
DA:48,4
DA:49,8
DA:50,4
DA:51,0
DA:53,8
DA:54,3
DA:55,1
DA:56,1
DA:57,1
DA:60,9
DA:61,9
DA:62,3
DA:63,3
DA:64,1
DA:65,1
DA:66,1
DA:67,1
DA:72,2
DA:73,6
DA:74,5
DA:75,0
DA:76,0
DA:83,6
DA:84,18
DA:85,24
DA:86,24
DA:87,32
DA:92,24
DA:93,64
DA:94,24
DA:96,16
DA:98,6
DA:117,7
DA:121,14
DA:122,7
DA:123,0
DA:125,14
DA:126,3
DA:127,1
DA:128,1
DA:129,1
DA:132,18
DA:133,18
DA:134,6
DA:135,3
DA:136,1
DA:137,1
DA:138,1
DA:139,1
DA:145,10
DA:146,10
DA:147,5
DA:148,1
DA:149,1
DA:150,1
DA:156,4
DA:157,9
DA:158,7
DA:159,1
DA:160,1
DA:176,12
DA:177,9
DA:178,12
DA:179,3
DA:188,1
DA:189,2
DA:195,522
DA:196,1044
DA:202,520
DA:203,1040
DA:209,4
DA:210,12
DA:216,1
DA:217,3
DA:223,1
DA:224,3
DA:230,1
DA:234,4
DA:253,3
DA:254,3
DA:259,12
DA:260,24
DA:265,1
DA:266,2
DA:274,0
DA:275,0
DA:282,10
DA:283,30
DA:284,10
DA:285,1
DA:286,1
DA:287,1
DA:288,1
DA:291,18
DA:292,9
DA:301,3
DA:302,9
DA:303,9
DA:308,9
DA:310,15
DA:313,12
DA:315,6
DA:326,4
DA:327,12
DA:328,12
DA:332,8
DA:345,2
DA:346,6
DA:367,30
DA:369,27
DA:380,141
DA:382,102
DA:397,15
DA:398,45
DA:399,15
DA:400,1
DA:402,42
DA:403,42
DA:404,42
DA:405,42
DA:407,42
DA:408,128
DA:409,342
DA:411,42
DA:412,42
DA:425,0
DA:426,0
DA:429,0
DA:430,0
DA:436,13885
DA:437,13885
DA:440,529
DA:441,529
DA:455,266
DA:461,266
DA:462,12
DA:464,263
DA:465,15
DA:467,780
DA:468,780
DA:469,520
DA:470,259
DA:472,1
DA:474,520
DA:475,780
DA:476,28016
DA:477,83268
DA:479,1040
DA:490,1
DA:497,6
DA:498,3
DA:500,19
DA:502,4
DA:514,3
DA:520,12
DA:521,9
DA:522,5
DA:523,1
DA:524,1
DA:527,2
DA:528,1
DA:529,1
DA:532,1
DA:533,0
DA:535,1
DA:536,0
DA:538,4
DA:539,4
DA:540,3
DA:541,2
DA:542,1
DA:544,0
DA:546,2
DA:547,3
DA:548,9
DA:549,24
DA:550,20
DA:552,4
DA:568,4
DA:572,7
DA:573,1
DA:574,1
DA:577,9
DA:578,3
DA:579,0
DA:582,36
DA:583,5
DA:584,1
DA:587,12
DA:588,9
DA:590,21
DA:591,36
DA:592,18
DA:594,14
DA:595,2
DA:596,1
DA:597,1
DA:598,0
DA:601,4
DA:605,42
DA:607,72
DA:608,72
DA:609,252
DA:610,108
DA:611,36
DA:613,72
DA:615,108
DA:618,18
DA:619,30
DA:621,3
DA:633,1
DA:634,5
DA:635,7
DA:636,12
DA:638,3
DA:650,1
DA:651,3
DA:652,3
DA:653,11
DA:654,10
DA:655,6
DA:656,12
DA:658,6
DA:659,2
DA:660,6
DA:661,10
DA:663,1
DA:673,1
DA:674,3
DA:682,9
DA:683,36
DA:684,37
DA:685,56
DA:686,78
DA:687,48
DA:690,36
DA:702,5
DA:703,15
DA:704,5
DA:707,6
DA:708,9
DA:709,12
DA:710,18
DA:711,27
DA:712,27
DA:713,27
DA:714,27
DA:716,12
DA:720,6
DA:721,12
DA:722,4
DA:723,9
DA:724,14
DA:725,21
DA:726,28
DA:729,6
DA:730,8
DA:732,0
DA:742,1
DA:744,6
DA:745,3
DA:746,5
DA:747,3
DA:755,1
DA:756,4
DA:757,4
DA:758,12
DA:759,24
DA:760,12
DA:764,4
DA:775,2
DA:776,6
DA:777,2
DA:778,1
DA:780,3
DA:781,6
DA:782,4
DA:783,4
DA:784,12
DA:785,24
DA:786,24
DA:790,4
DA:801,2
DA:802,6
DA:803,2
DA:804,1
DA:806,3
DA:807,6
DA:808,4
DA:809,4
DA:810,12
DA:811,24
DA:812,24
DA:816,4
DA:834,4
DA:842,12
DA:843,4
DA:844,1
DA:845,1
DA:848,12
DA:849,18
DA:850,12
DA:851,22
DA:853,16
DA:854,24
DA:855,34
DA:856,104
DA:857,26
DA:859,8
DA:860,33
DA:861,18
DA:864,61
DA:865,51
DA:869,12
DA:880,1
DA:881,2
DA:889,1
DA:890,2
DA:908,0
DA:909,0
DA:910,0
DA:911,0
DA:912,0
DA:923,0
DA:924,0
DA:934,3
DA:938,13
DA:939,7
DA:940,2
DA:941,2
DA:945,1
DA:958,1
DA:959,2
DA:976,2
DA:982,8
DA:983,8
DA:984,6
DA:985,8
DA:986,2
DA:987,42
DA:989,45
DA:990,17
DA:991,34
DA:992,12
DA:994,5
DA:997,6
DA:1011,4
DA:1016,16
DA:1017,3
DA:1019,9
DA:1020,3
DA:1021,23
DA:1024,16
DA:1025,17
DA:1026,52
DA:1027,2
DA:1029,36
DA:1031,9
DA:1032,12
DA:1045,0
DA:1050,0
DA:1051,0
DA:1052,0
LF:367
LH:340
end_of_record
TN:
SF:/home/doll/ferray/ferray-core/src/dimension/broadcast.rs
FN:38,broadcast_shapes
FN:74,broadcast_shapes_multi
FN:95,broadcast_strides
FN:145,broadcast_to
FN:197,broadcast_view_to
FN:240,broadcast_arrays
FN:274,Array<T,D>::broadcast_to
FN:284,ArrayView<'a,T,D>::broadcast_to
FNF:8
FNDA:3912,broadcast_shapes
FNDA:1290,broadcast_shapes_multi
FNDA:1484,broadcast_strides
FNDA:1492,broadcast_to
FNDA:0,broadcast_view_to
FNDA:260,broadcast_arrays
FNDA:130,Array<T,D>::broadcast_to
FNDA:0,ArrayView<'a,T,D>::broadcast_to
DA:38,3912
DA:39,23472
DA:40,11736
DA:42,10947
DA:43,28140
DA:44,895
DA:46,18420
DA:48,28140
DA:49,359
DA:51,20028
DA:54,9332
DA:55,2297
DA:56,10001
DA:57,2966
DA:58,6154
DA:59,1416
DA:61,712
DA:64,3556
DA:74,1290
DA:75,2580
DA:76,2
DA:78,3864
DA:79,2578
DA:80,5160
DA:82,1287
DA:95,1484
DA:100,4452
DA:101,4452
DA:103,1484
DA:104,0
DA:105,0
DA:109,2968
DA:110,4452
DA:112,4153
DA:113,3227
DA:115,558
DA:117,4222
DA:118,4222
DA:119,4222
DA:121,3409
DA:122,1298
DA:123,2924
DA:125,813
DA:127,0
DA:128,0
DA:134,1484
DA:145,1492
DA:149,4476
DA:150,4476
DA:153,5968
DA:154,1483
DA:155,2
DA:156,2
DA:160,7405
DA:170,8288
DA:171,2663
DA:172,0
DA:173,0
DA:174,0
DA:180,4443
DA:181,10068
DA:184,4443
DA:188,8886
DA:190,1481
DA:197,0
DA:201,0
DA:202,0
DA:204,0
DA:205,0
DA:206,0
DA:207,0
DA:211,0
DA:213,0
DA:214,0
DA:215,0
DA:216,0
DA:217,0
DA:222,0
DA:223,0
DA:225,0
DA:228,0
DA:230,0
DA:240,260
DA:243,520
DA:244,1
DA:248,777
DA:250,259
DA:252,777
DA:255,1036
DA:256,777
DA:257,2590
DA:259,259
DA:274,130
DA:275,390
DA:284,0
DA:285,0
DA:286,0
DA:288,0
DA:289,0
DA:290,0
DA:291,0
DA:295,0
DA:297,0
DA:298,0
DA:299,0
DA:300,0
DA:301,0
DA:306,0
DA:307,0
DA:308,0
DA:310,0
DA:313,0
DA:314,0
DA:316,0
LF:114
LH:69
end_of_record
TN:
SF:/home/doll/ferray/ferray-core/src/dimension/mod.rs
FN:44,Dimension::ndim
FN:49,Dimension::size
FN:165,<impl Debug for Ix0>::fmt
FN:177,<impl Dimension for Ix0>::as_slice
FN:182,<impl Dimension for Ix0>::as_slice_mut
FN:187,<impl Dimension for Ix0>::to_ndarray_dim
FN:192,<impl Dimension for Ix0>::from_ndarray_dim
FN:196,<impl Dimension for Ix0>::from_dim_slice
FN:214,IxDyn::new
FN:222,<impl Debug for IxDyn>::fmt
FN:234,<impl From for IxDyn>::from
FN:246,<impl Dimension for IxDyn>::as_slice
FN:251,<impl Dimension for IxDyn>::as_slice_mut
FN:256,<impl Dimension for IxDyn>::to_ndarray_dim
FN:261,<impl Dimension for IxDyn>::from_ndarray_dim
FN:267,<impl Dimension for IxDyn>::from_dim_slice
FN:282,Axis::index
FNF:17
FNDA:1457,Dimension::ndim
FNDA:90269,Dimension::size
FNDA:0,<impl Debug for Ix0>::fmt
FNDA:2,<impl Dimension for Ix0>::as_slice
FNDA:0,<impl Dimension for Ix0>::as_slice_mut
FNDA:0,<impl Dimension for Ix0>::to_ndarray_dim
FNDA:0,<impl Dimension for Ix0>::from_ndarray_dim
FNDA:0,<impl Dimension for Ix0>::from_dim_slice
FNDA:18182,IxDyn::new
FNDA:0,<impl Debug for IxDyn>::fmt
FNDA:71,<impl From for IxDyn>::from
FNDA:19598,<impl Dimension for IxDyn>::as_slice
FNDA:0,<impl Dimension for IxDyn>::as_slice_mut
FNDA:18431,<impl Dimension for IxDyn>::to_ndarray_dim
FNDA:4710,<impl Dimension for IxDyn>::from_ndarray_dim
FNDA:16,<impl Dimension for IxDyn>::from_dim_slice
FNDA:374,Axis::index
DA:44,1457
DA:45,2914
DA:49,90269
DA:50,270807
DA:88,55323
DA:89,55323
DA:94,0
DA:95,0
DA:101,0
DA:102,0
DA:113,73241
DA:114,73241
DA:118,0
DA:119,0
DA:123,65680
DA:125,131360
DA:129,614
DA:130,1842
DA:131,2456
DA:132,1228
DA:133,1842
DA:134,614
DA:137,29
DA:138,58
DA:139,0
DA:141,58
DA:142,87
DA:143,29
DA:165,0
DA:166,0
DA:177,2
DA:178,2
DA:182,0
DA:183,0
DA:187,0
DA:188,0
DA:192,0
DA:193,0
DA:196,0
DA:197,0
DA:214,18182
DA:216,18182
DA:222,0
DA:223,0
DA:228,0
DA:234,71
DA:235,142
DA:246,19598
DA:247,19598
DA:251,0
DA:252,0
DA:256,18431
DA:257,36862
DA:261,4710
DA:262,14130
DA:263,18840
DA:264,4710
DA:267,16
DA:268,16
DA:269,16
DA:282,374
DA:283,374
LF:62
LH:40
end_of_record
TN:
SF:/home/doll/ferray/ferray-core/src/dimension/static_shape.rs
FN:55,Shape1<N>::new
FN:61,<impl Default for Shape1<N>>::default
FN:67,<impl Debug for Shape1<N>>::fmt
FN:81,<impl Dimension for Shape1<N>>::as_slice
FN:86,<impl Dimension for Shape1<N>>::as_slice_mut
FN:90,<impl Dimension for Shape1<N>>::to_ndarray_dim
FN:94,<impl Dimension for Shape1<N>>::from_ndarray_dim
FN:99,<impl Dimension for Shape1<N>>::from_dim_slice
FN:134,Shape2<M,N>::new
FN:140,<impl Default for Shape2<M,N>>::default
FN:146,<impl Debug for Shape2<M,N>>::fmt
FN:160,<impl Dimension for Shape2<M,N>>::as_slice
FN:165,<impl Dimension for Shape2<M,N>>::as_slice_mut
FN:169,<impl Dimension for Shape2<M,N>>::to_ndarray_dim
FN:173,<impl Dimension for Shape2<M,N>>::from_ndarray_dim
FN:178,<impl Dimension for Shape2<M,N>>::from_dim_slice
FN:213,Shape3<A,B,C>::new
FN:219,<impl Default for Shape3<A,B,C>>::default
FN:225,<impl Debug for Shape3<A,B,C>>::fmt
FN:239,<impl Dimension for Shape3<A,B,C>>::as_slice
FN:244,<impl Dimension for Shape3<A,B,C>>::as_slice_mut
FN:248,<impl Dimension for Shape3<A,B,C>>::to_ndarray_dim
FN:252,<impl Dimension for Shape3<A,B,C>>::from_ndarray_dim
FN:257,<impl Dimension for Shape3<A,B,C>>::from_dim_slice
FN:283,Shape4<A,B,C,D>::new
FN:293,<impl Default for Shape4<A,B,C,D>>::default
FN:301,<impl Debug for Shape4<A,B,C,D>>::fmt
FN:319,<impl Dimension for Shape4<A,B,C,D>>::as_slice
FN:324,<impl Dimension for Shape4<A,B,C,D>>::as_slice_mut
FN:328,<impl Dimension for Shape4<A,B,C,D>>::to_ndarray_dim
FN:332,<impl Dimension for Shape4<A,B,C,D>>::from_ndarray_dim
FN:337,<impl Dimension for Shape4<A,B,C,D>>::from_dim_slice
FN:365,Shape5<A,B,C,D,E>::new
FN:375,<impl Default for Shape5<A,B,C,D,E>>::default
FN:383,<impl Debug for Shape5<A,B,C,D,E>>::fmt
FN:401,<impl Dimension for Shape5<A,B,C,D,E>>::as_slice
FN:406,<impl Dimension for Shape5<A,B,C,D,E>>::as_slice_mut
FN:410,<impl Dimension for Shape5<A,B,C,D,E>>::to_ndarray_dim
FN:414,<impl Dimension for Shape5<A,B,C,D,E>>::from_ndarray_dim
FN:419,<impl Dimension for Shape5<A,B,C,D,E>>::from_dim_slice
FN:454,Shape6<A,B,C,D,E,F>::new
FN:464,<impl Default for Shape6<A,B,C,D,E,F>>::default
FN:472,<impl Debug for Shape6<A,B,C,D,E,F>>::fmt
FN:490,<impl Dimension for Shape6<A,B,C,D,E,F>>::as_slice
FN:495,<impl Dimension for Shape6<A,B,C,D,E,F>>::as_slice_mut
FN:499,<impl Dimension for Shape6<A,B,C,D,E,F>>::to_ndarray_dim
FN:503,<impl Dimension for Shape6<A,B,C,D,E,F>>::from_ndarray_dim
FN:508,<impl Dimension for Shape6<A,B,C,D,E,F>>::from_dim_slice
FN:523,<impl From for Ix1>::from
FN:530,<impl From for Ix2>::from
FN:537,<impl From for Ix3>::from
FN:546,<impl From for Ix4>::from
FN:555,<impl From for Ix5>::from
FN:564,<impl From for Ix6>::from
FN:614,<impl From for IxDyn>::from
FN:634,Array<T,Shape1<N>>::into_dynamic_ix
FN:644,Array<T,Shape2<M,N>>::into_dynamic_ix
FN:652,Array<T,Shape3<A,B,C>>::into_dynamic_ix
FN:711,<impl StaticMatMul for Array<T,Shape2<M,K>>>::static_matmul
FN:885,Array<T,D>::static_reshape
FN:890,<impl DefaultNdarrayDim for Shape1<N>>::default_ndarray_dim
FN:896,<impl DefaultNdarrayDim for Shape2<M,N>>::default_ndarray_dim
FN:902,<impl DefaultNdarrayDim for Shape3<A,B,C>>::default_ndarray_dim
FN:910,<impl DefaultNdarrayDim for Shape4<A,B,C,D>>::default_ndarray_dim
FN:918,<impl DefaultNdarrayDim for Shape5<A,B,C,D,E>>::default_ndarray_dim
FN:926,<impl DefaultNdarrayDim for Shape6<A,B,C,D,E,F>>::default_ndarray_dim
FN:951,static_reshape_array
FNF:67
FNDA:0,Shape1<N>::new
FNDA:0,<impl Default for Shape1<N>>::default
FNDA:0,<impl Debug for Shape1<N>>::fmt
FNDA:0,<impl Dimension for Shape1<N>>::as_slice
FNDA:0,<impl Dimension for Shape1<N>>::as_slice_mut
FNDA:0,<impl Dimension for Shape1<N>>::to_ndarray_dim
FNDA:0,<impl Dimension for Shape1<N>>::from_ndarray_dim
FNDA:0,<impl Dimension for Shape1<N>>::from_dim_slice
FNDA:0,Shape2<M,N>::new
FNDA:0,<impl Default for Shape2<M,N>>::default
FNDA:0,<impl Debug for Shape2<M,N>>::fmt
FNDA:0,<impl Dimension for Shape2<M,N>>::as_slice
FNDA:0,<impl Dimension for Shape2<M,N>>::as_slice_mut
FNDA:0,<impl Dimension for Shape2<M,N>>::to_ndarray_dim
FNDA:0,<impl Dimension for Shape2<M,N>>::from_ndarray_dim
FNDA:0,<impl Dimension for Shape2<M,N>>::from_dim_slice
FNDA:0,Shape3<A,B,C>::new
FNDA:0,<impl Default for Shape3<A,B,C>>::default
FNDA:0,<impl Debug for Shape3<A,B,C>>::fmt
FNDA:0,<impl Dimension for Shape3<A,B,C>>::as_slice
FNDA:0,<impl Dimension for Shape3<A,B,C>>::as_slice_mut
FNDA:0,<impl Dimension for Shape3<A,B,C>>::to_ndarray_dim
FNDA:0,<impl Dimension for Shape3<A,B,C>>::from_ndarray_dim
FNDA:0,<impl Dimension for Shape3<A,B,C>>::from_dim_slice
FNDA:0,Shape4<A,B,C,D>::new
FNDA:0,<impl Default for Shape4<A,B,C,D>>::default
FNDA:0,<impl Debug for Shape4<A,B,C,D>>::fmt
FNDA:0,<impl Dimension for Shape4<A,B,C,D>>::as_slice
FNDA:0,<impl Dimension for Shape4<A,B,C,D>>::as_slice_mut
FNDA:0,<impl Dimension for Shape4<A,B,C,D>>::to_ndarray_dim
FNDA:0,<impl Dimension for Shape4<A,B,C,D>>::from_ndarray_dim
FNDA:0,<impl Dimension for Shape4<A,B,C,D>>::from_dim_slice
FNDA:0,Shape5<A,B,C,D,E>::new
FNDA:0,<impl Default for Shape5<A,B,C,D,E>>::default
FNDA:0,<impl Debug for Shape5<A,B,C,D,E>>::fmt
FNDA:0,<impl Dimension for Shape5<A,B,C,D,E>>::as_slice
FNDA:0,<impl Dimension for Shape5<A,B,C,D,E>>::as_slice_mut
FNDA:0,<impl Dimension for Shape5<A,B,C,D,E>>::to_ndarray_dim
FNDA:0,<impl Dimension for Shape5<A,B,C,D,E>>::from_ndarray_dim
FNDA:0,<impl Dimension for Shape5<A,B,C,D,E>>::from_dim_slice
FNDA:0,Shape6<A,B,C,D,E,F>::new
FNDA:0,<impl Default for Shape6<A,B,C,D,E,F>>::default
FNDA:0,<impl Debug for Shape6<A,B,C,D,E,F>>::fmt
FNDA:0,<impl Dimension for Shape6<A,B,C,D,E,F>>::as_slice
FNDA:0,<impl Dimension for Shape6<A,B,C,D,E,F>>::as_slice_mut
FNDA:0,<impl Dimension for Shape6<A,B,C,D,E,F>>::to_ndarray_dim
FNDA:0,<impl Dimension for Shape6<A,B,C,D,E,F>>::from_ndarray_dim
FNDA:0,<impl Dimension for Shape6<A,B,C,D,E,F>>::from_dim_slice
FNDA:0,<impl From for Ix1>::from
FNDA:0,<impl From for Ix2>::from
FNDA:0,<impl From for Ix3>::from
FNDA:0,<impl From for Ix4>::from
FNDA:0,<impl From for Ix5>::from
FNDA:0,<impl From for Ix6>::from
FNDA:0,<impl From for IxDyn>::from
FNDA:0,Array<T,Shape1<N>>::into_dynamic_ix
FNDA:0,Array<T,Shape2<M,N>>::into_dynamic_ix
FNDA:0,Array<T,Shape3<A,B,C>>::into_dynamic_ix
FNDA:0,<impl StaticMatMul for Array<T,Shape2<M,K>>>::static_matmul
FNDA:0,Array<T,D>::static_reshape
FNDA:0,<impl DefaultNdarrayDim for Shape1<N>>::default_ndarray_dim
FNDA:0,<impl DefaultNdarrayDim for Shape2<M,N>>::default_ndarray_dim
FNDA:0,<impl DefaultNdarrayDim for Shape3<A,B,C>>::default_ndarray_dim
FNDA:0,<impl DefaultNdarrayDim for Shape4<A,B,C,D>>::default_ndarray_dim
FNDA:0,<impl DefaultNdarrayDim for Shape5<A,B,C,D,E>>::default_ndarray_dim
FNDA:0,<impl DefaultNdarrayDim for Shape6<A,B,C,D,E,F>>::default_ndarray_dim
FNDA:0,static_reshape_array
DA:55,0
DA:56,0
DA:61,0
DA:62,0
DA:67,0
DA:68,0
DA:81,0
DA:82,0
DA:86,0
DA:87,0
DA:90,0
DA:91,0
DA:94,0
DA:96,0
DA:99,0
DA:100,0
DA:101,0
DA:103,0
DA:134,0
DA:135,0
DA:140,0
DA:141,0
DA:146,0
DA:147,0
DA:160,0
DA:161,0
DA:165,0
DA:166,0
DA:169,0
DA:170,0
DA:173,0
DA:174,0
DA:175,0
DA:178,0
DA:179,0
DA:180,0
DA:182,0
DA:213,0
DA:214,0
DA:219,0
DA:220,0
DA:225,0
DA:226,0
DA:239,0
DA:240,0
DA:244,0
DA:245,0
DA:248,0
DA:249,0
DA:252,0
DA:253,0
DA:254,0
DA:257,0
DA:258,0
DA:259,0
DA:261,0
DA:283,0
DA:285,0
DA:293,0
DA:294,0
DA:301,0
DA:302,0
DA:319,0
DA:320,0
DA:324,0
DA:325,0
DA:328,0
DA:329,0
DA:332,0
DA:333,0
DA:334,0
DA:337,0
DA:338,0
DA:339,0
DA:341,0
DA:365,0
DA:367,0
DA:375,0
DA:376,0
DA:383,0
DA:384,0
DA:401,0
DA:402,0
DA:406,0
DA:407,0
DA:410,0
DA:411,0
DA:414,0
DA:415,0
DA:416,0
DA:419,0
DA:420,0
DA:421,0
DA:423,0
DA:454,0
DA:456,0
DA:464,0
DA:465,0
DA:472,0
DA:473,0
DA:490,0
DA:491,0
DA:495,0
DA:496,0
DA:499,0
DA:500,0
DA:503,0
DA:504,0
DA:505,0
DA:508,0
DA:509,0
DA:510,0
DA:512,0
DA:523,0
DA:524,0
DA:530,0
DA:531,0
DA:537,0
DA:538,0
DA:546,0
DA:547,0
DA:555,0
DA:556,0
DA:564,0
DA:565,0
DA:573,0
DA:574,0
DA:580,0
DA:581,0
DA:587,0
DA:588,0
DA:596,0
DA:597,0
DA:605,0
DA:606,0
DA:614,0
DA:615,0
DA:634,0
DA:635,0
DA:644,0
DA:645,0
DA:652,0
DA:653,0
DA:711,0
DA:714,0
DA:715,0
DA:716,0
DA:717,0
DA:885,0
DA:890,0
DA:891,0
DA:896,0
DA:897,0
DA:902,0
DA:903,0
DA:910,0
DA:911,0
DA:918,0
DA:919,0
DA:926,0
DA:927,0
DA:951,0
DA:952,0
DA:953,0
DA:954,0
DA:955,0
DA:958,0
DA:959,0
DA:960,0
LF:169
LH:0
end_of_record
TN:
SF:/home/doll/ferray/ferray-core/src/dtype/casting.rs
FN:54,can_cast
FN:64,is_safe_cast
FN:77,is_same_kind
FN:85,dtype_kind
FN:111,promote_types
FN:123,common_type
FN:139,min_scalar_type
FN:203,issubdtype
FN:222,isrealobj
FN:230,iscomplexobj
FN:268,<impl AsType for crate::array::owned::Array<T,D>>::astype
FN:284,<impl AsTypeInner for crate::array::owned::Array<T,D>>::astype_inner
FN:334,crate::array::owned::Array<T,D>::cast
FN:372,view_cast
FN:425,crate::array::owned::Array<T,D>::add_promoted
FN:447,crate::array::owned::Array<T,D>::sub_promoted
FN:469,crate::array::owned::Array<T,D>::mul_promoted
FN:491,crate::array::owned::Array<T,D>::div_promoted
FNF:18
FNDA:29,can_cast
FNDA:11,is_safe_cast
FNDA:5,is_same_kind
FNDA:10,dtype_kind
FNDA:5,promote_types
FNDA:1,common_type
FNDA:5,min_scalar_type
FNDA:12,issubdtype
FNDA:3,isrealobj
FNDA:3,iscomplexobj
FNDA:2,<impl AsType for crate::array::owned::Array<T,D>>::astype
FNDA:2,<impl AsTypeInner for crate::array::owned::Array<T,D>>::astype_inner
FNDA:17,crate::array::owned::Array<T,D>::cast
FNDA:2,view_cast
FNDA:1,crate::array::owned::Array<T,D>::add_promoted
FNDA:1,crate::array::owned::Array<T,D>::sub_promoted
FNDA:1,crate::array::owned::Array<T,D>::mul_promoted
FNDA:0,crate::array::owned::Array<T,D>::div_promoted
DA:54,29
DA:55,29
DA:56,6
DA:57,33
DA:58,15
DA:59,7
DA:64,11
DA:65,11
DA:66,0
DA:70,22
DA:71,22
DA:72,0
DA:77,5
DA:78,5
DA:79,0
DA:81,15
DA:85,10
DA:86,10
DA:87,0
DA:88,20
DA:89,6
DA:90,8
DA:91,4
DA:92,0
DA:93,0
DA:95,0
DA:111,5
DA:112,15
DA:123,1
DA:124,3
DA:139,5
DA:148,5
DA:149,1
DA:150,1
DA:151,1
DA:152,1
DA:153,1
DA:162,0
DA:163,0
DA:203,12
DA:204,12
DA:205,3
DA:206,4
DA:207,6
DA:208,3
DA:209,4
DA:210,4
DA:222,3
DA:223,3
DA:230,3
DA:231,6
DA:268,2
DA:272,4
DA:284,2
DA:285,4
DA:286,2
DA:334,17
DA:341,68
DA:342,15
DA:343,5
DA:344,5
DA:345,5
DA:346,5
DA:349,24
DA:350,12
DA:351,78
DA:352,12
DA:372,2
DA:375,4
DA:376,4
DA:378,2
DA:379,3
DA:380,1
DA:381,1
DA:382,1
DA:383,1
DA:384,1
DA:388,2
DA:389,2
DA:390,1
DA:391,0
DA:392,0
DA:393,0
DA:394,0
DA:395,0
DA:396,0
DA:401,5
DA:402,3
DA:403,3
DA:408,3
DA:409,5
DA:412,4
DA:425,1
DA:435,0
DA:437,2
DA:438,1
DA:439,2
DA:440,1
DA:442,2
DA:443,1
DA:447,1
DA:457,0
DA:459,2
DA:460,1
DA:461,2
DA:462,1
DA:464,2
DA:465,1
DA:469,1
DA:479,0
DA:481,2
DA:482,1
DA:483,2
DA:484,1
DA:486,2
DA:487,1
DA:491,0
DA:501,0
DA:503,0
DA:504,0
DA:505,0
DA:506,0
DA:508,0
DA:509,0
LF:124
LH:98
end_of_record
TN:
SF:/home/doll/ferray/ferray-core/src/dtype/datetime.rs
FN:46,TimeUnit::descr_suffix
FN:62,TimeUnit::from_descr_suffix
FN:83,TimeUnit::ns_per_tick
FN:101,TimeUnit::finer
FN:119,TimeUnit::scale_to
FN:131,<impl Display for TimeUnit>::fmt
FN:165,DateTime64::nat
FN:172,DateTime64::is_nat
FN:180,<impl PartialEq for DateTime64>::eq
FN:190,<impl Display for DateTime64>::fmt
FN:215,Timedelta64::nat
FN:222,Timedelta64::is_nat
FN:228,<impl PartialEq for Timedelta64>::eq
FN:238,<impl Display for Timedelta64>::fmt
FN:273,<impl Add for DateTime64>::add
FN:286,<impl Sub for DateTime64>::sub
FN:299,<impl Add for Timedelta64>::add
FN:312,<impl Sub for Timedelta64>::sub
FN:325,<impl Neg for Timedelta64>::neg
FN:362,array_ops::check_same_shape
FN:392,array_ops::<impl Add for &Array<DateTime64,D>>::add
FN:402,array_ops::<impl Sub for &Array<DateTime64,D>>::sub
FNF:22
FNDA:20,TimeUnit::descr_suffix
FNDA:24,TimeUnit::from_descr_suffix
FNDA:46,TimeUnit::ns_per_tick
FNDA:9,TimeUnit::finer
FNDA:14,TimeUnit::scale_to
FNDA:0,<impl Display for TimeUnit>::fmt
FNDA:16,DateTime64::nat
FNDA:47,DateTime64::is_nat
FNDA:3,<impl PartialEq for DateTime64>::eq
FNDA:2,<impl Display for DateTime64>::fmt
FNDA:11,Timedelta64::nat
FNDA:33,Timedelta64::is_nat
FNDA:1,<impl PartialEq for Timedelta64>::eq
FNDA:0,<impl Display for Timedelta64>::fmt
FNDA:5,<impl Add for DateTime64>::add
FNDA:2,<impl Sub for DateTime64>::sub
FNDA:4,<impl Add for Timedelta64>::add
FNDA:4,<impl Sub for Timedelta64>::sub
FNDA:2,<impl Neg for Timedelta64>::neg
FNDA:2,array_ops::check_same_shape
FNDA:1,array_ops::<impl Add for &Array<DateTime64,D>>::add
FNDA:0,array_ops::<impl Sub for &Array<DateTime64,D>>::sub
DA:46,20
DA:47,20
DA:48,6
DA:49,3
DA:50,3
DA:51,3
DA:52,1
DA:53,1
DA:54,3
DA:62,24
DA:63,24
DA:64,31
DA:65,34
DA:66,17
DA:67,12
DA:68,7
DA:69,6
DA:70,7
DA:71,1
DA:83,46
DA:84,46
DA:85,22
DA:86,8
DA:87,9
DA:88,7
DA:89,0
DA:90,0
DA:91,0
DA:101,9
DA:102,27
DA:103,3
DA:105,6
DA:119,14
DA:120,42
DA:121,42
DA:122,14
DA:123,13
DA:125,1
DA:131,0
DA:132,0
DA:165,16
DA:166,16
DA:172,47
DA:173,47
DA:180,3
DA:181,10
DA:182,1
DA:184,2
DA:190,2
DA:191,4
DA:192,3
DA:194,2
DA:215,11
DA:216,11
DA:222,33
DA:223,33
DA:228,1
DA:229,2
DA:230,1
DA:232,0
DA:238,0
DA:239,0
DA:240,0
DA:242,0
DA:260,6
DA:261,22
DA:262,2
DA:264,8
DA:273,5
DA:274,18
DA:275,2
DA:277,6
DA:286,2
DA:287,8
DA:288,1
DA:290,2
DA:299,4
DA:300,14
DA:301,1
DA:303,6
DA:312,4
DA:313,14
DA:314,1
DA:316,6
DA:325,2
DA:326,4
DA:327,1
DA:331,1
DA:362,2
DA:368,4
DA:369,0
DA:370,0
DA:371,0
DA:372,0
DA:375,2
DA:381,1
DA:382,4
DA:383,2
DA:384,13
DA:385,4
DA:392,1
DA:393,4
DA:394,13
DA:395,4
DA:402,0
DA:403,0
DA:404,0
DA:405,0
DA:633,4
DA:634,4
DA:638,0
DA:639,0
DA:643,0
DA:644,0
DA:650,3
DA:651,3
DA:655,0
DA:656,0
DA:660,0
DA:661,0
LF:120
LH:94
end_of_record
TN:
SF:/home/doll/ferray/ferray-core/src/dtype/finfo.rs
FN:45,<impl Debug for FloatInfo>::fmt
FN:62,<impl Display for FloatInfo>::fmt
FN:89,<impl Display for IntInfo>::fmt
FN:129,<impl FloatType for f32>::float_info
FN:154,<impl FloatType for f64>::float_info
FN:210,<impl IntType for bool>::int_info
FN:235,finfo
FN:251,iinfo
FNF:8
FNDA:0,<impl Debug for FloatInfo>::fmt
FNDA:1,<impl Display for FloatInfo>::fmt
FNDA:1,<impl Display for IntInfo>::fmt
FNDA:1,<impl FloatType for f32>::float_info
FNDA:2,<impl FloatType for f64>::float_info
FNDA:1,<impl IntType for bool>::int_info
FNDA:3,finfo
FNDA:6,iinfo
DA:45,0
DA:46,0
DA:47,0
DA:48,0
DA:49,0
DA:50,0
DA:51,0
DA:52,0
DA:53,0
DA:54,0
DA:55,0
DA:56,0
DA:62,1
DA:63,1
DA:64,1
DA:89,1
DA:90,1
DA:91,1
DA:129,1
DA:131,1
DA:132,1
DA:141,1
DA:142,1
DA:144,1
DA:154,2
DA:169,2
DA:185,5
DA:186,5
DA:187,5
DA:188,5
DA:189,5
DA:210,1
DA:235,3
DA:236,3
DA:251,6
DA:252,6
LF:36
LH:24
end_of_record
TN:
SF:/home/doll/ferray/ferray-core/src/dtype/i256.rs
FN:62,I256::from_limbs
FN:69,I256::to_limbs
FN:76,I256::is_negative
FN:83,I256::wrapping_neg
FN:106,I256::wrapping_add
FN:123,I256::wrapping_sub
FN:135,I256::wrapping_mul
FN:205,<impl From for I256>::from
FN:215,<impl Ord for I256>::cmp
FN:238,<impl PartialOrd for I256>::partial_cmp
FN:250,<impl Add for I256>::add
FN:258,<impl Sub for I256>::sub
FN:266,<impl Mul for I256>::mul
FN:274,<impl Neg for I256>::neg
FN:284,<impl Display for I256>::fmt
FN:307,I256::try_to_i128
FN:337,I256::try_to_u128
FNF:17
FNDA:0,I256::from_limbs
FNDA:0,I256::to_limbs
FNDA:27,I256::is_negative
FNDA:4,I256::wrapping_neg
FNDA:6,I256::wrapping_add
FNDA:1,I256::wrapping_sub
FNDA:2,I256::wrapping_mul
FNDA:0,<impl From for I256>::from
FNDA:5,<impl Ord for I256>::cmp
FNDA:4,<impl PartialOrd for I256>::partial_cmp
FNDA:5,<impl Add for I256>::add
FNDA:1,<impl Sub for I256>::sub
FNDA:2,<impl Mul for I256>::mul
FNDA:3,<impl Neg for I256>::neg
FNDA:3,<impl Display for I256>::fmt
FNDA:9,I256::try_to_i128
FNDA:2,I256::try_to_u128
DA:62,0
DA:69,0
DA:70,0
DA:76,27
DA:77,27
DA:83,4
DA:85,8
DA:86,8
DA:87,36
DA:88,16
DA:89,16
DA:92,12
DA:93,4
DA:94,8
DA:95,8
DA:96,0
DA:97,0
DA:98,0
DA:106,6
DA:107,12
DA:108,12
DA:109,12
DA:110,30
DA:111,96
DA:112,96
DA:113,24
DA:114,44
DA:115,24
DA:123,1
DA:124,4
DA:135,2
DA:136,4
DA:137,4
DA:138,10
DA:139,24
DA:140,16
DA:141,48
DA:142,80
DA:143,40
DA:144,20
DA:145,20
DA:147,8
DA:150,6
DA:161,18
DA:162,36
DA:163,36
DA:164,36
DA:166,54
DA:168,54
DA:175,8
DA:177,8
DA:184,0
DA:185,0
DA:191,0
DA:192,0
DA:198,0
DA:199,0
DA:205,0
DA:206,0
DA:215,5
DA:218,15
DA:219,15
DA:220,5
DA:221,1
DA:222,1
DA:223,3
DA:227,14
DA:228,16
DA:229,6
DA:230,4
DA:233,1
DA:238,4
DA:239,8
DA:250,5
DA:251,15
DA:258,1
DA:259,3
DA:266,2
DA:267,6
DA:274,3
DA:275,6
DA:284,3
DA:288,5
DA:289,4
DA:295,1
DA:296,1
DA:298,4
DA:307,9
DA:312,18
DA:313,6
DA:315,6
DA:316,6
DA:317,6
DA:318,6
DA:319,3
DA:320,3
DA:323,10
DA:324,8
DA:325,8
DA:326,8
DA:327,4
DA:328,4
DA:331,2
DA:337,2
DA:338,4
DA:339,1
DA:341,2
DA:342,2
DA:343,2
DA:344,1
DA:346,0
LF:111
LH:96
end_of_record
TN:
SF:/home/doll/ferray/ferray-core/src/dtype/mod.rs
FN:100,DType::size_of
FN:131,DType::alignment
FN:161,DType::is_float
FN:176,DType::is_integer
FN:197,DType::is_complex
FN:204,DType::is_signed
FN:232,<impl Display for DType>::fmt
FN:341,<impl Element for bool>::dtype
FN:346,<impl Element for bool>::zero
FN:351,<impl Element for bool>::one
FN:375,<impl Element for I256>::dtype
FN:380,<impl Element for I256>::zero
FN:385,<impl Element for I256>::one
FN:399,<impl Element for Complex<f32>>::dtype
FN:404,<impl Element for Complex<f32>>::zero
FN:409,<impl Element for Complex<f32>>::one
FN:418,<impl Element for Complex<f64>>::dtype
FN:423,<impl Element for Complex<f64>>::zero
FN:428,<impl Element for Complex<f64>>::one
FN:440,<impl Element for half::f16>::dtype
FN:445,<impl Element for half::f16>::zero
FN:450,<impl Element for half::f16>::one
FN:462,<impl Element for half::bf16>::dtype
FN:467,<impl Element for half::bf16>::zero
FN:472,<impl Element for half::bf16>::one
FNF:25
FNDA:7,DType::size_of
FNDA:2,DType::alignment
FNDA:9,DType::is_float
FNDA:17,DType::is_integer
FNDA:15,DType::is_complex
FNDA:8,DType::is_signed
FNDA:18,<impl Display for DType>::fmt
FNDA:518,<impl Element for bool>::dtype
FNDA:7,<impl Element for bool>::zero
FNDA:1,<impl Element for bool>::one
FNDA:1,<impl Element for I256>::dtype
FNDA:1,<impl Element for I256>::zero
FNDA:1,<impl Element for I256>::one
FNDA:1,<impl Element for Complex<f32>>::dtype
FNDA:0,<impl Element for Complex<f32>>::zero
FNDA:0,<impl Element for Complex<f32>>::one
FNDA:9,<impl Element for Complex<f64>>::dtype
FNDA:1,<impl Element for Complex<f64>>::zero
FNDA:1,<impl Element for Complex<f64>>::one
FNDA:0,<impl Element for half::f16>::dtype
FNDA:0,<impl Element for half::f16>::zero
FNDA:0,<impl Element for half::f16>::one
FNDA:0,<impl Element for half::bf16>::dtype
FNDA:0,<impl Element for half::bf16>::zero
FNDA:0,<impl Element for half::bf16>::one
DA:100,7
DA:101,7
DA:102,1
DA:103,0
DA:104,0
DA:105,0
DA:106,0
DA:107,0
DA:108,0
DA:109,0
DA:110,0
DA:111,0
DA:112,1
DA:113,0
DA:114,1
DA:115,3
DA:116,0
DA:117,1
DA:119,0
DA:121,0
DA:124,0
DA:131,2
DA:132,2
DA:133,0
DA:134,1
DA:135,0
DA:136,0
DA:137,0
DA:138,0
DA:139,0
DA:140,0
DA:141,0
DA:142,0
DA:143,0
DA:145,0
DA:146,0
DA:147,1
DA:148,0
DA:149,0
DA:151,0
DA:153,0
DA:154,0
DA:161,9
DA:162,0
DA:163,0
DA:164,0
DA:166,0
DA:167,0
DA:168,0
DA:170,11
DA:176,17
DA:177,6
DA:178,17
DA:179,0
DA:180,0
DA:181,0
DA:182,0
DA:183,0
DA:184,0
DA:185,0
DA:186,0
DA:187,0
DA:188,0
DA:189,0
DA:190,0
DA:197,15
DA:198,22
DA:204,8
DA:205,4
DA:206,8
DA:207,0
DA:208,0
DA:209,0
DA:210,0
DA:211,0
DA:212,0
DA:213,0
DA:214,0
DA:215,0
DA:216,0
DA:217,0
DA:218,0
DA:219,0
DA:220,0
DA:222,0
DA:223,0
DA:224,0
DA:226,4
DA:232,18
DA:233,18
DA:234,3
DA:235,0
DA:236,0
DA:237,0
DA:238,0
DA:239,0
DA:240,0
DA:241,0
DA:242,12
DA:243,0
DA:244,0
DA:245,0
DA:246,12
DA:247,24
DA:248,0
DA:249,3
DA:254,0
DA:255,0
DA:296,1566
DA:297,1566
DA:301,91
DA:302,91
DA:306,0
DA:307,0
DA:319,2640
DA:320,2640
DA:324,10665
DA:325,10665
DA:329,4286
DA:330,4286
DA:341,518
DA:342,518
DA:346,7
DA:347,7
DA:351,1
DA:352,1
DA:375,1
DA:376,1
DA:380,1
DA:381,1
DA:385,1
DA:386,1
DA:399,1
DA:400,1
DA:404,0
DA:405,0
DA:409,0
DA:410,0
DA:418,9
DA:419,9
DA:423,1
DA:424,1
DA:428,1
DA:429,1
DA:440,0
DA:441,0
DA:445,0
DA:446,0
DA:450,0
DA:451,0
DA:462,0
DA:463,0
DA:467,0
DA:468,0
DA:472,0
DA:473,0
LF:156
LH:59
end_of_record
TN:
SF:/home/doll/ferray/ferray-core/src/dtype/promotion.rs
FN:131,<impl PromoteTo for bool>::promote
FN:226,<impl PromoteTo for f32>::promote
FN:233,<impl PromoteTo for f64>::promote
FN:240,<impl PromoteTo for Complex<f32>>::promote
FN:434,result_type
FN:452,dtype_ord
FN:484,promote_dtypes
FNF:7
FNDA:0,<impl PromoteTo for bool>::promote
FNDA:1,<impl PromoteTo for f32>::promote
FNDA:0,<impl PromoteTo for f64>::promote
FNDA:0,<impl PromoteTo for Complex<f32>>::promote
FNDA:43,result_type
FNDA:80,dtype_ord
FNDA:40,promote_dtypes
DA:50,39
DA:51,39
DA:78,34
DA:79,34
DA:90,0
DA:91,0
DA:110,0
DA:111,0
DA:117,0
DA:118,0
DA:124,0
DA:125,0
DA:131,0
DA:132,0
DA:192,0
DA:193,0
DA:198,0
DA:199,0
DA:219,0
DA:220,0
DA:226,1
DA:227,2
DA:233,0
DA:234,0
DA:240,0
DA:241,0
DA:434,43
DA:435,43
DA:436,3
DA:440,160
DA:441,80
DA:452,80
DA:457,80
DA:458,3
DA:459,5
DA:460,1
DA:461,1
DA:462,1
DA:463,9
DA:464,3
DA:465,4
DA:466,12
DA:467,7
DA:468,4
DA:469,0
DA:470,12
DA:471,13
DA:472,3
DA:473,2
DA:478,0
DA:479,0
DA:484,40
DA:490,40
DA:491,0
DA:496,200
DA:497,34
DA:499,6
DA:503,40
DA:504,3
DA:507,111
DA:509,0
DA:510,0
DA:511,0
DA:512,0
DA:513,0
DA:514,0
DA:515,0
DA:516,0
DA:517,0
DA:518,0
DA:521,0
DA:522,0
DA:523,0
DA:524,0
DA:525,0
DA:526,0
DA:527,0
DA:528,4
DA:529,0
DA:530,0
DA:533,2
DA:534,1
DA:535,0
DA:536,0
DA:537,0
DA:538,0
DA:539,1
DA:540,0
DA:541,0
DA:542,0
DA:543,0
DA:544,0
DA:545,1
DA:546,0
DA:547,0
DA:548,0
DA:549,0
DA:550,0
DA:551,1
DA:552,0
DA:558,1
DA:559,1
DA:560,1
DA:561,2
DA:562,2
DA:565,1
DA:566,2
DA:567,4
DA:568,1
DA:569,3
DA:572,5
DA:575,1
DA:576,0
DA:577,0
DA:578,1
DA:581,1
DA:582,1
DA:584,0
DA:587,37
LF:119
LH:58
end_of_record
TN:
SF:/home/doll/ferray/ferray-core/src/dtype/unsafe_cast.rs
FN:161,<impl CastTo for bool>::cast_to
FN:184,<impl CastTo for f32>::cast_to
FN:191,<impl CastTo for f64>::cast_to
FN:263,<impl CastTo for Complex<f32>>::cast_to
FN:270,<impl CastTo for Complex<f64>>::cast_to
FNF:5
FNDA:0,<impl CastTo for bool>::cast_to
FNDA:0,<impl CastTo for f32>::cast_to
FNDA:4,<impl CastTo for f64>::cast_to
FNDA:1,<impl CastTo for Complex<f32>>::cast_to
FNDA:1,<impl CastTo for Complex<f64>>::cast_to
DA:54,5
DA:55,5
DA:91,22
DA:92,22
DA:128,6
DA:129,6
DA:140,0
DA:141,0
DA:147,2
DA:148,4
DA:154,0
DA:155,0
DA:161,0
DA:162,0
DA:172,7
DA:173,14
DA:184,0
DA:185,0
DA:191,4
DA:192,4
DA:198,0
DA:199,0
DA:205,2
DA:206,4
DA:219,1
DA:220,2
DA:225,3
DA:226,6
DA:244,1
DA:245,1
DA:250,5
DA:251,5
DA:263,1
DA:264,3
DA:270,1
DA:271,3
LF:36
LH:26
end_of_record
TN:
SF:/home/doll/ferray/ferray-core/src/dynarray.rs
FN:109,DynArray::dtype
FN:138,DynArray::shape
FN:144,DynArray::ndim
FN:150,DynArray::size
FN:156,DynArray::is_empty
FN:162,DynArray::itemsize
FN:168,DynArray::nbytes
FN:176,DynArray::try_into_f64
FN:187,DynArray::try_into_f32
FN:198,DynArray::try_into_i64
FN:209,DynArray::try_into_i32
FN:220,DynArray::try_into_bool
FN:244,DynArray::astype
FN:341,DynArray::zeros
FN:374,DynArray::from_datetime64
FN:380,DynArray::from_timedelta64
FN:389,DynArray::try_into_datetime64
FN:404,DynArray::try_into_timedelta64
FN:416,<impl Display for DynArray>::fmt
FNF:19
FNDA:16,DynArray::dtype
FNDA:13,DynArray::shape
FNDA:1,DynArray::ndim
FNDA:3,DynArray::size
FNDA:1,DynArray::is_empty
FNDA:2,DynArray::itemsize
FNDA:1,DynArray::nbytes
FNDA:2,DynArray::try_into_f64
FNDA:0,DynArray::try_into_f32
FNDA:0,DynArray::try_into_i64
FNDA:1,DynArray::try_into_i32
FNDA:0,DynArray::try_into_bool
FNDA:7,DynArray::astype
FNDA:6,DynArray::zeros
FNDA:0,DynArray::from_datetime64
FNDA:0,DynArray::from_timedelta64
FNDA:1,DynArray::try_into_datetime64
FNDA:0,DynArray::try_into_timedelta64
FNDA:1,<impl Display for DynArray>::fmt
DA:109,16
DA:110,16
DA:111,0
DA:112,0
DA:113,0
DA:114,0
DA:115,0
DA:116,0
DA:117,0
DA:118,0
DA:119,6
DA:120,1
DA:121,0
DA:122,0
DA:123,0
DA:124,8
DA:125,0
DA:126,0
DA:131,2
DA:132,0
DA:138,13
DA:139,13
DA:144,1
DA:145,2
DA:150,3
DA:151,9
DA:156,1
DA:157,1
DA:162,2
DA:163,6
DA:168,1
DA:169,3
DA:176,2
DA:177,2
DA:178,2
DA:179,4
DA:180,1
DA:181,1
DA:187,0
DA:188,0
DA:189,0
DA:190,0
DA:191,0
DA:192,0
DA:198,0
DA:199,0
DA:200,0
DA:201,0
DA:202,0
DA:203,0
DA:209,1
DA:210,1
DA:211,2
DA:212,0
DA:213,0
DA:214,0
DA:220,0
DA:221,0
DA:222,0
DA:223,0
DA:224,0
DA:225,0
DA:244,7
DA:263,21
DA:264,0
DA:265,0
DA:272,14
DA:273,14
DA:275,0
DA:276,0
DA:277,0
DA:313,7
DA:314,0
DA:315,1
DA:316,0
DA:317,0
DA:318,0
DA:319,0
DA:320,0
DA:321,0
DA:322,1
DA:323,1
DA:324,0
DA:325,4
DA:326,2
DA:327,0
DA:328,0
DA:329,0
DA:335,0
DA:341,6
DA:342,18
DA:343,6
DA:344,0
DA:345,0
DA:346,0
DA:347,0
DA:348,0
DA:349,0
DA:350,0
DA:351,0
DA:352,6
DA:353,0
DA:354,0
DA:355,0
DA:356,2
DA:357,4
DA:358,0
DA:359,0
DA:367,0
DA:368,0
DA:374,0
DA:375,0
DA:380,0
DA:381,0
DA:389,1
DA:390,1
DA:391,3
DA:392,0
DA:393,0
DA:394,0
DA:404,0
DA:405,0
DA:406,0
DA:407,0
DA:408,0
DA:409,0
DA:416,1
DA:417,1
DA:425,3
DA:426,3
LF:130
LH:50
end_of_record
TN:
SF:/home/doll/ferray/ferray-core/src/error.rs
FN:103,FerrayError::shape_mismatch
FN:111,FerrayError::broadcast_failure
FN:120,FerrayError::axis_out_of_bounds
FN:126,FerrayError::index_out_of_bounds
FN:131,FerrayError::invalid_dtype
FN:138,FerrayError::invalid_value
FN:145,FerrayError::io_error
FN:154,<impl From for FerrayError>::from
FNF:8
FNDA:329,FerrayError::shape_mismatch
FNDA:357,FerrayError::broadcast_failure
FNDA:32,FerrayError::axis_out_of_bounds
FNDA:14,FerrayError::index_out_of_bounds
FNDA:14,FerrayError::invalid_dtype
FNDA:682,FerrayError::invalid_value
FNDA:7,FerrayError::io_error
FNDA:2,<impl From for FerrayError>::from
DA:103,329
DA:105,329
DA:111,357
DA:113,1071
DA:114,357
DA:120,32
DA:126,14
DA:131,14
DA:133,14
DA:138,682
DA:140,682
DA:145,7
DA:147,7
DA:154,2
DA:156,2
LF:15
LH:15
end_of_record
TN:
SF:/home/doll/ferray/ferray-core/src/indexing/advanced.rs
FN:32,Array<T,D>::index_select
FN:63,Array<T,D>::boolean_index
FN:89,Array<T,D>::boolean_index_flat
FN:115,Array<T,D>::boolean_index_assign
FN:139,Array<T,D>::boolean_index_assign_array
FN:179,ArrayView<'_,T,D>::index_select
FN:199,ArrayView<'_,T,D>::boolean_index
FNF:7
FNDA:14,Array<T,D>::index_select
FNDA:5,Array<T,D>::boolean_index
FNDA:2,Array<T,D>::boolean_index_flat
FNDA:2,Array<T,D>::boolean_index_assign
FNDA:2,Array<T,D>::boolean_index_assign_array
FNDA:1,ArrayView<'_,T,D>::index_select
FNDA:1,ArrayView<'_,T,D>::boolean_index
DA:32,14
DA:33,42
DA:34,42
DA:35,14
DA:36,0
DA:38,42
DA:41,38
DA:43,134
DA:46,36
DA:47,24
DA:48,48
DA:49,12
DA:63,5
DA:64,10
DA:65,3
DA:66,1
DA:67,3
DA:68,1
DA:72,12
DA:73,4
DA:75,8
DA:76,55
DA:79,12
DA:80,16
DA:89,2
DA:90,6
DA:91,3
DA:92,1
DA:93,3
DA:94,1
DA:98,3
DA:99,1
DA:101,2
DA:102,19
DA:105,3
DA:106,4
DA:115,2
DA:116,4
DA:117,0
DA:118,0
DA:119,0
DA:120,0
DA:124,28
DA:125,16
DA:126,10
DA:129,2
DA:139,2
DA:144,4
DA:145,0
DA:146,0
DA:147,0
DA:148,0
DA:152,8
DA:153,4
DA:154,3
DA:155,1
DA:156,1
DA:157,1
DA:161,2
DA:162,13
DA:163,5
DA:164,6
DA:165,4
DA:169,1
DA:179,1
DA:180,3
DA:181,3
DA:182,1
DA:183,0
DA:185,3
DA:187,3
DA:189,9
DA:192,4
DA:193,2
DA:194,4
DA:195,1
DA:199,1
DA:200,2
DA:201,0
DA:202,0
DA:203,0
DA:204,0
DA:208,3
DA:209,1
DA:211,2
DA:212,13
DA:215,3
DA:216,4
LF:88
LH:74
end_of_record
TN:
SF:/home/doll/ferray/ferray-core/src/indexing/basic.rs
FN:37,SliceSpec::full
FN:47,SliceSpec::new
FN:57,SliceSpec::with_step
FN:66,SliceSpec::validate
FN:75,SliceSpec::to_ndarray_slice
FN:81,SliceSpec::to_ndarray_elem
FN:103,Array<T,D>::index_axis
FN:128,Array<T,D>::slice_axis
FN:147,Array<T,D>::slice_axis_mut
FN:174,Array<T,D>::slice_multi
FN:205,Array<T,D>::insert_axis
FN:225,Array<T,D>::remove_axis
FN:253,Array<T,D>::flat_index
FN:286,Array<T,D>::get
FN:316,Array<T,D>::get_mut
FN:348,ArrayView<'a,T,D>::index_axis
FN:368,ArrayView<'a,T,D>::slice_axis
FN:385,ArrayView<'a,T,D>::insert_axis
FN:398,ArrayView<'a,T,D>::remove_axis
FN:418,ArrayView<'a,T,D>::get
FN:449,ArrayViewMut<'_,T,D>::slice_axis_mut
FNF:21
FNDA:2,SliceSpec::full
FNDA:263,SliceSpec::new
FNDA:3,SliceSpec::with_step
FNDA:268,SliceSpec::validate
FNDA:267,SliceSpec::to_ndarray_slice
FNDA:0,SliceSpec::to_ndarray_elem
FNDA:7,Array<T,D>::index_axis
FNDA:264,Array<T,D>::slice_axis
FNDA:0,Array<T,D>::slice_axis_mut
FNDA:2,Array<T,D>::slice_multi
FNDA:3,Array<T,D>::insert_axis
FNDA:3,Array<T,D>::remove_axis
FNDA:7,Array<T,D>::flat_index
FNDA:8,Array<T,D>::get
FNDA:1,Array<T,D>::get_mut
FNDA:1,ArrayView<'a,T,D>::index_axis
FNDA:1,ArrayView<'a,T,D>::slice_axis
FNDA:1,ArrayView<'a,T,D>::insert_axis
FNDA:1,ArrayView<'a,T,D>::remove_axis
FNDA:2,ArrayView<'a,T,D>::get
FNDA:1,ArrayViewMut<'_,T,D>::slice_axis_mut
DA:37,2
DA:47,263
DA:49,526
DA:50,263
DA:57,3
DA:59,6
DA:60,3
DA:61,3
DA:66,268
DA:67,268
DA:68,1
DA:70,267
DA:75,267
DA:76,1602
DA:81,0
DA:83,0
DA:84,0
DA:85,0
DA:103,7
DA:107,21
DA:108,21
DA:109,7
DA:110,2
DA:112,18
DA:113,30
DA:115,10
DA:116,20
DA:117,15
DA:118,5
DA:128,264
DA:129,792
DA:130,792
DA:131,264
DA:132,0
DA:134,529
DA:136,526
DA:137,789
DA:138,1052
DA:139,789
DA:140,263
DA:147,0
DA:152,0
DA:153,0
DA:154,0
DA:155,0
DA:157,0
DA:159,0
DA:160,0
DA:161,0
DA:162,0
DA:163,0
DA:174,2
DA:175,6
DA:176,4
DA:177,3
DA:178,1
DA:179,1
DA:180,1
DA:184,3
DA:185,4
DA:189,3
DA:190,9
DA:191,6
DA:192,8
DA:193,10
DA:195,1
DA:205,3
DA:206,9
DA:207,9
DA:208,3
DA:209,2
DA:212,6
DA:213,8
DA:214,2
DA:225,3
DA:226,9
DA:227,9
DA:228,3
DA:229,2
DA:231,4
DA:232,3
DA:233,1
DA:234,1
DA:235,2
DA:240,3
DA:241,4
DA:242,1
DA:253,7
DA:254,21
DA:255,28
DA:259,15
DA:260,15
DA:261,15
DA:262,15
DA:264,10
DA:265,15
DA:266,21
DA:267,56
DA:268,24
DA:269,16
DA:270,8
DA:276,10
DA:286,8
DA:287,24
DA:288,16
DA:289,6
DA:290,2
DA:291,2
DA:292,2
DA:297,18
DA:298,18
DA:299,18
DA:301,18
DA:302,42
DA:303,60
DA:304,12
DA:309,12
DA:316,1
DA:317,3
DA:318,2
DA:319,0
DA:320,0
DA:321,0
DA:322,0
DA:326,3
DA:327,4
DA:328,3
DA:330,3
DA:331,7
DA:332,10
DA:333,4
DA:338,2
DA:348,1
DA:352,3
DA:353,3
DA:354,1
DA:355,0
DA:357,3
DA:358,5
DA:360,2
DA:362,6
DA:363,3
DA:364,1
DA:368,1
DA:369,3
DA:370,3
DA:371,1
DA:372,0
DA:374,2
DA:376,2
DA:377,3
DA:379,6
DA:380,3
DA:381,1
DA:385,1
DA:386,3
DA:387,3
DA:388,1
DA:389,0
DA:392,4
DA:393,4
DA:394,1
DA:398,1
DA:399,3
DA:400,3
DA:401,1
DA:402,0
DA:404,2
DA:405,0
DA:406,0
DA:407,0
DA:408,0
DA:412,4
DA:413,4
DA:414,1
DA:418,2
DA:419,6
DA:420,4
DA:421,0
DA:422,0
DA:423,0
DA:424,0
DA:428,6
DA:429,6
DA:430,6
DA:432,6
DA:433,14
DA:434,20
DA:435,4
DA:439,4
DA:449,1
DA:454,3
DA:455,3
DA:456,1
DA:457,0
DA:459,2
DA:461,2
DA:462,3
DA:463,4
DA:464,3
DA:465,1
LF:201
LH:168
end_of_record
TN:
SF:/home/doll/ferray/ferray-core/src/indexing/extended.rs
FN:29,take
FN:46,take_along_axis
FN:68,Array<T,D>::put
FN:95,Array<T,D>::put_along_axis
FN:136,Array<T,D>::fill_diagonal
FN:166,choose
FN:216,compress
FN:256,select
FN:310,indices
FN:348,ix_
FN:373,diag_indices
FN:385,diag_indices_from
FN:416,tril_indices
FN:437,triu_indices
FN:458,tril_indices_from
FN:475,triu_indices_from
FN:501,ravel_multi_index
FN:560,unravel_index
FN:593,flatnonzero
FN:621,nonzero
FN:647,argwhere
FN:679,NdIndex::new
FN:692,<impl Iterator for NdIndex>::next
FN:719,<impl Iterator for NdIndex>::size_hint
FN:741,ndindex
FN:748,ndenumerate
FN:781,where_select
FN:817,place
FN:857,putmask
FN:894,extract
FN:932,mask_indices
FNF:31
FNDA:3,take
FNDA:1,take_along_axis
FNDA:3,Array<T,D>::put
FNDA:1,Array<T,D>::put_along_axis
FNDA:2,Array<T,D>::fill_diagonal
FNDA:2,choose
FNDA:2,compress
FNDA:1,select
FNDA:1,indices
FNDA:1,ix_
FNDA:2,diag_indices
FNDA:2,diag_indices_from
FNDA:4,tril_indices
FNDA:3,triu_indices
FNDA:1,tril_indices_from
FNDA:1,triu_indices_from
FNDA:4,ravel_multi_index
FNDA:3,unravel_index
FNDA:3,flatnonzero
FNDA:4,nonzero
FNDA:3,argwhere
FNDA:4,NdIndex::new
FNDA:15,<impl Iterator for NdIndex>::next
FNDA:3,<impl Iterator for NdIndex>::size_hint
FNDA:4,ndindex
FNDA:1,ndenumerate
FNDA:5,where_select
FNDA:3,place
FNDA:3,putmask
FNDA:2,extract
FNDA:3,mask_indices
DA:29,3
DA:34,12
DA:46,1
DA:51,4
DA:68,3
DA:69,6
DA:70,0
DA:72,9
DA:73,7
DA:75,27
DA:78,8
DA:80,25
DA:81,28
DA:82,14
DA:84,2
DA:95,1
DA:104,3
DA:105,3
DA:106,1
DA:107,0
DA:109,3
DA:111,3
DA:113,9
DA:116,2
DA:117,2
DA:119,3
DA:120,8
DA:121,10
DA:122,24
DA:123,16
DA:127,1
DA:136,2
DA:137,6
DA:138,4
DA:139,0
DA:141,8
DA:142,6
DA:144,12
DA:145,30
DA:146,20
DA:147,20
DA:148,10
DA:166,2
DA:170,4
DA:171,0
DA:174,6
DA:175,14
DA:176,4
DA:177,0
DA:178,0
DA:179,0
DA:180,0
DA:181,0
DA:186,6
DA:187,6
DA:189,14
DA:192,8
DA:193,16
DA:194,12
DA:195,6
DA:196,2
DA:198,20
DA:201,3
DA:202,3
DA:216,2
DA:221,6
DA:222,6
DA:223,2
DA:224,0
DA:226,6
DA:227,4
DA:228,0
DA:229,0
DA:230,0
DA:231,0
DA:235,6
DA:238,26
DA:241,8
DA:256,1
DA:261,3
DA:262,0
DA:263,0
DA:264,0
DA:265,0
DA:268,2
DA:269,0
DA:270,0
DA:274,3
DA:275,12
DA:276,4
DA:277,0
DA:278,0
DA:283,3
DA:284,4
DA:287,10
DA:288,32
DA:289,10
DA:290,4
DA:295,3
DA:296,3
DA:310,1
DA:311,3
DA:312,5
DA:314,3
DA:316,3
DA:317,6
DA:318,14
DA:319,24
DA:320,24
DA:321,96
DA:322,48
DA:323,24
DA:324,36
DA:325,12
DA:328,36
DA:330,6
DA:331,10
DA:334,1
DA:348,1
DA:349,3
DA:350,3
DA:352,7
DA:353,6
DA:354,4
DA:356,6
DA:357,6
DA:358,10
DA:361,1
DA:373,2
DA:374,8
DA:375,6
DA:385,2
DA:388,6
DA:389,2
DA:390,0
DA:391,0
DA:394,6
DA:395,4
DA:396,4
DA:397,2
DA:398,1
DA:399,1
DA:403,2
DA:416,4
DA:417,16
DA:418,8
DA:419,8
DA:421,16
DA:422,51
DA:423,104
DA:424,104
DA:425,52
DA:430,4
DA:437,3
DA:438,12
DA:439,6
DA:440,6
DA:442,12
DA:443,36
DA:444,74
DA:445,80
DA:446,40
DA:451,3
DA:458,1
DA:462,3
DA:463,1
DA:464,0
DA:465,0
DA:468,3
DA:475,1
DA:479,3
DA:480,1
DA:481,0
DA:482,0
DA:485,3
DA:501,4
DA:502,12
DA:503,0
DA:504,0
DA:505,0
DA:506,0
DA:509,8
DA:510,0
DA:513,12
DA:514,30
DA:515,18
DA:516,0
DA:517,0
DA:518,0
DA:519,0
DA:520,0
DA:526,12
DA:527,12
DA:528,18
DA:529,10
DA:532,12
DA:534,11
DA:535,14
DA:536,53
DA:537,32
DA:538,16
DA:539,2
DA:540,2
DA:541,1
DA:542,1
DA:545,30
DA:547,18
DA:550,3
DA:560,3
DA:561,15
DA:562,9
DA:563,9
DA:565,18
DA:567,9
DA:568,6
DA:569,2
DA:570,1
DA:571,1
DA:572,1
DA:575,10
DA:576,56
DA:577,36
DA:578,12
DA:582,2
DA:593,3
DA:594,6
DA:595,3
DA:598,45
DA:621,4
DA:622,8
DA:623,12
DA:624,20
DA:625,50
DA:626,21
DA:627,44
DA:628,20
DA:632,4
DA:647,3
DA:650,6
DA:651,9
DA:652,9
DA:653,9
DA:654,40
DA:655,17
DA:656,24
DA:657,18
DA:659,6
DA:662,12
DA:679,4
DA:680,16
DA:682,12
DA:683,12
DA:692,15
DA:693,15
DA:694,4
DA:697,33
DA:700,22
DA:701,38
DA:702,16
DA:703,12
DA:704,28
DA:705,4
DA:706,4
DA:708,8
DA:712,14
DA:713,3
DA:716,11
DA:719,3
DA:720,3
DA:721,1
DA:723,8
DA:725,4
DA:726,6
DA:727,4
DA:728,10
DA:729,6
DA:730,3
DA:732,4
DA:733,2
DA:741,4
DA:742,8
DA:748,1
DA:751,3
DA:752,3
DA:753,9
DA:754,18
DA:755,12
DA:756,42
DA:757,24
DA:758,36
DA:759,12
DA:762,6
DA:781,5
[...]
FNDA:0,array_equiv
FNDA:2,allclose
FNDA:5,isclose
DA:20,2
DA:25,24
DA:29,1
DA:34,9
DA:38,2
DA:43,30
DA:47,1
DA:52,9
DA:56,1
DA:61,9
DA:65,1
DA:70,9
DA:85,3
DA:94,29
DA:98,1
DA:107,15
DA:111,1
DA:120,15
DA:124,1
DA:133,15
DA:137,1
DA:146,15
DA:150,1
DA:159,15
DA:166,1
DA:178,9
DA:179,6
DA:180,0
DA:182,24
DA:183,0
DA:185,24
DA:190,3
DA:195,6
DA:196,1
DA:198,22
DA:205,0
DA:211,0
DA:217,2
DA:222,12
DA:223,4
DA:231,5
DA:242,32
DA:243,23
DA:244,1
DA:246,64
DA:247,0
DA:249,64
LF:47
LH:42
end_of_record
TN:
SF:/home/doll/ferray/ferray-ufunc/src/ops/complex.rs
FN:15,real
FN:26,imag
FN:37,conj
FN:48,conjugate
FN:60,angle
FN:73,abs
FN:95,iscomplex
FN:111,iscomplex_real
FN:124,isreal
FN:136,isreal_real
FN:149,iscomplexobj
FN:160,isrealobj
FN:173,isscalar
FN:241,log2_complex
FN:261,log10_complex
FN:284,expm1_complex
FN:316,log1p_complex
FN:347,power_complex
FNF:18
FNDA:1,real
FNDA:1,imag
FNDA:2,conj
FNDA:1,conjugate
FNDA:1,angle
FNDA:1,abs
FNDA:1,iscomplex
FNDA:1,iscomplex_real
FNDA:1,isreal
FNDA:1,isreal_real
FNDA:4,iscomplexobj
FNDA:2,isrealobj
FNDA:2,isscalar
FNDA:1,log2_complex
FNDA:1,log10_complex
FNDA:2,expm1_complex
FNDA:2,log1p_complex
FNDA:1,power_complex
DA:15,1
DA:21,6
DA:22,4
DA:26,1
DA:32,6
DA:33,4
DA:37,2
DA:43,12
DA:44,8
DA:48,1
DA:54,2
DA:60,1
DA:66,15
DA:67,4
DA:73,1
DA:79,3
DA:81,7
DA:83,4
DA:95,1
DA:101,2
DA:102,12
DA:103,4
DA:111,1
DA:116,4
DA:117,4
DA:124,1
DA:130,2
DA:131,10
DA:132,4
DA:136,1
DA:141,4
DA:142,4
DA:149,4
DA:154,8
DA:160,2
DA:165,2
DA:173,2
DA:178,4
DA:196,7
DA:197,7
DA:198,7
DA:199,7
DA:200,7
DA:202,50
DA:203,28
DA:241,1
DA:247,2
DA:248,4
DA:249,2
DA:250,3
DA:252,2
DA:253,3
DA:254,3
DA:257,4
DA:261,1
DA:267,2
DA:268,4
DA:269,2
DA:270,3
DA:272,2
DA:273,3
DA:274,3
DA:277,4
DA:284,2
DA:290,4
DA:291,4
DA:292,8
DA:293,6
DA:295,4
DA:298,6
DA:299,4
DA:300,6
DA:301,6
DA:303,6
DA:304,4
DA:305,6
DA:308,8
DA:316,2
DA:322,4
DA:323,4
DA:324,4
DA:325,8
DA:326,8
DA:327,6
DA:329,4
DA:330,4
DA:333,8
DA:334,6
DA:335,8
DA:336,6
DA:338,0
DA:342,8
DA:347,1
DA:356,9
DA:357,4
LF:95
LH:94
end_of_record
TN:
SF:/home/doll/ferray/ferray-ufunc/src/ops/convolution.rs
FN:24,convolve
FNF:1
FNDA:5,convolve
DA:24,5
DA:32,30
DA:33,30
DA:34,15
DA:35,15
DA:37,10
DA:38,0
DA:39,0
DA:44,10
DA:45,20
DA:47,20
DA:48,99
DA:49,252
DA:53,5
DA:54,12
DA:56,4
DA:57,2
DA:58,5
DA:59,4
DA:62,3
DA:63,3
DA:64,5
DA:65,4
LF:23
LH:21
end_of_record
TN:
SF:/home/doll/ferray/ferray-ufunc/src/ops/datetime.rs
FN:36,isnat_datetime
FN:47,isnat_timedelta
FN:61,nat_propagate
FN:65,check_same_shape
FN:94,sub_datetime
FN:111,add_datetime_timedelta
FN:128,sub_datetime_timedelta
FN:145,add_timedelta
FN:162,sub_timedelta
FN:189,rescale_datetime
FN:202,rescale_timedelta
FN:221,sub_datetime_promoted
FN:264,add_datetime_timedelta_promoted
FN:307,add_timedelta_promoted
FNF:14
FNDA:3,isnat_datetime
FNDA:1,isnat_timedelta
FNDA:26,nat_propagate
FNDA:13,check_same_shape
FNDA:4,sub_datetime
FNDA:1,add_datetime_timedelta
FNDA:1,sub_datetime_timedelta
FNDA:1,add_timedelta
FNDA:1,sub_timedelta
FNDA:3,rescale_datetime
FNDA:1,rescale_timedelta
FNDA:3,sub_datetime_promoted
FNDA:1,add_datetime_timedelta_promoted
FNDA:1,add_timedelta_promoted
DA:36,3
DA:37,42
DA:38,12
DA:47,1
DA:50,12
DA:51,4
DA:61,26
DA:62,98
DA:65,13
DA:76,26
DA:77,3
DA:78,1
DA:79,3
DA:80,1
DA:83,12
DA:94,4
DA:98,17
DA:99,9
DA:101,9
DA:102,51
DA:104,12
DA:111,1
DA:115,4
DA:116,3
DA:118,3
DA:119,10
DA:121,4
DA:128,1
DA:132,4
DA:133,3
DA:135,3
DA:136,13
DA:138,4
DA:145,1
DA:149,4
DA:150,3
DA:152,3
DA:153,13
DA:155,4
DA:162,1
DA:166,4
DA:167,3
DA:169,3
DA:170,13
DA:172,4
DA:189,3
DA:190,6
DA:191,8
DA:192,10
DA:193,1
DA:195,8
DA:202,1
DA:203,2
DA:204,2
DA:205,2
DA:206,0
DA:208,2
DA:221,3
DA:227,12
DA:228,12
DA:229,15
DA:230,0
DA:231,0
DA:234,15
DA:235,0
DA:236,0
DA:239,18
DA:240,18
DA:241,6
DA:242,1
DA:244,6
DA:246,6
DA:247,3
DA:249,0
DA:251,9
DA:253,6
DA:254,42
DA:256,15
DA:257,3
DA:264,1
DA:270,4
DA:271,4
DA:272,5
DA:273,0
DA:274,0
DA:277,5
DA:278,0
DA:279,0
DA:282,6
DA:283,6
DA:284,2
DA:285,0
DA:287,3
DA:289,2
DA:290,1
DA:292,0
DA:294,3
DA:296,2
DA:297,7
DA:299,5
DA:300,1
DA:307,1
DA:313,4
DA:314,4
DA:315,5
DA:316,0
DA:317,0
DA:320,5
DA:321,0
DA:322,0
DA:325,6
DA:326,6
DA:327,2
DA:328,0
DA:330,3
DA:332,2
DA:333,1
DA:335,0
DA:337,3
DA:339,2
DA:340,7
DA:342,5
DA:343,1
LF:123
LH:105
end_of_record
TN:
SF:/home/doll/ferray/ferray-ufunc/src/ops/explog.rs
FN:17,exp
FN:27,exp_into
FN:47,exp_fast
FN:103,exp2
FN:112,expm1
FN:121,log
FN:130,log_into
FN:139,log2
FN:148,log10
FN:157,log1p
FN:166,logaddexp
FN:182,logaddexp2
FNF:12
FNDA:778,exp
FNDA:1,exp_into
FNDA:1,exp_fast
FNDA:9,exp2
FNDA:9,expm1
FNDA:522,log
FNDA:1,log_into
FNDA:9,log2
FNDA:9,log10
FNDA:8,log1p
FNDA:1,logaddexp
FNDA:1,logaddexp2
DA:17,778
DA:22,1556
DA:27,1
DA:32,4
DA:47,1
DA:53,1
DA:55,1
DA:56,2
DA:57,3
DA:58,3
DA:59,3
DA:60,0
DA:62,2
DA:64,3
DA:65,4
DA:67,0
DA:69,0
DA:71,0
DA:74,1
DA:75,0
DA:76,0
DA:77,0
DA:78,0
DA:79,0
DA:80,0
DA:81,0
DA:83,0
DA:85,0
DA:86,0
DA:88,0
DA:90,0
DA:92,0
DA:95,0
DA:98,0
DA:103,9
DA:108,18
DA:112,9
DA:117,18
DA:121,522
DA:126,1044
DA:130,1
DA:135,4
DA:139,9
DA:144,18
DA:148,9
DA:153,18
DA:157,8
DA:162,16
DA:166,1
DA:171,4
DA:172,4
DA:173,0
DA:175,3
DA:176,3
DA:177,3
DA:182,1
DA:187,3
DA:188,4
DA:189,4
DA:190,0
DA:192,3
DA:193,3
DA:194,4
LF:63
LH:42
end_of_record
TN:
SF:/home/doll/ferray/ferray-ufunc/src/ops/floatintrinsic.rs
FN:20,isnan
FN:29,isinf
FN:38,isfinite
FN:47,isneginf
FN:56,isposinf
FN:65,signbit
FN:80,nan_to_num
FN:109,clip
FN:134,clip_ord
FN:165,nextafter_f64
FN:193,nextafter_f32
FN:217,nextafter
FN:248,spacing_f64
FN:261,spacing_f32
FN:274,spacing
FN:303,ldexp
FN:316,frexp_f64
FN:341,frexp_f32
FN:367,frexp
FN:434,modf
FN:463,copysign
FN:475,float_power
FN:484,maximum
FN:501,minimum
FN:518,fmax
FN:535,fmin
FN:561,isnan_f16
FN:570,isinf_f16
FN:579,isfinite_f16
FN:592,clip_f16
FN:619,nan_to_num_f16
FN:642,maximum_f16
FN:662,minimum_f16
FNF:33
FNDA:2,isnan
FNDA:2,isinf
FNDA:2,isfinite
FNDA:1,isneginf
FNDA:1,isposinf
FNDA:1,signbit
FNDA:3,nan_to_num
FNDA:3,clip
FNDA:2,clip_ord
FNDA:8,nextafter_f64
FNDA:0,nextafter_f32
FNDA:6,nextafter
FNDA:5,spacing_f64
FNDA:0,spacing_f32
FNDA:3,spacing
FNDA:2,ldexp
FNDA:1,frexp_f64
FNDA:0,frexp_f32
FNDA:1,frexp
FNDA:5,modf
FNDA:1,copysign
FNDA:1,float_power
FNDA:8,maximum
FNDA:7,minimum
FNDA:7,fmax
FNDA:7,fmin
FNDA:0,isnan_f16
FNDA:0,isinf_f16
FNDA:0,isfinite_f16
FNDA:0,clip_f16
FNDA:0,nan_to_num_f16
FNDA:0,maximum_f16
FNDA:0,minimum_f16
DA:20,2
DA:25,4
DA:29,2
DA:34,4
DA:38,2
DA:43,4
DA:47,1
DA:52,10
DA:56,1
DA:61,10
DA:65,1
DA:70,2
DA:80,3
DA:90,10
DA:91,9
DA:92,9
DA:93,22
DA:94,32
DA:95,3
DA:96,26
DA:97,6
DA:98,3
DA:100,3
DA:103,7
DA:109,3
DA:114,3
DA:115,0
DA:117,29
DA:118,23
DA:119,4
DA:120,19
DA:121,5
DA:123,14
DA:134,2
DA:139,2
DA:140,0
DA:141,0
DA:144,6
DA:146,11
DA:147,9
DA:148,2
DA:149,7
DA:150,3
DA:152,4
DA:156,8
DA:165,8
DA:166,30
DA:167,2
DA:169,6
DA:170,1
DA:172,5
DA:174,2
DA:175,1
DA:177,2
DA:180,9
DA:181,6
DA:183,3
DA:186,0
DA:188,6
DA:193,0
DA:194,0
DA:195,0
DA:197,0
DA:198,0
DA:200,0
DA:201,0
DA:202,0
DA:204,0
DA:207,0
DA:208,0
DA:209,0
DA:211,0
DA:213,0
DA:217,6
DA:224,6
DA:226,18
DA:227,18
DA:228,24
DA:229,6
DA:230,0
DA:232,0
DA:233,0
DA:234,0
DA:235,0
DA:238,0
DA:239,0
DA:240,0
DA:241,0
DA:248,5
DA:249,18
DA:250,3
DA:252,6
DA:253,2
DA:254,1
DA:256,2
DA:261,0
DA:262,0
DA:263,0
DA:265,0
DA:266,0
DA:267,0
DA:269,0
DA:274,3
DA:281,3
DA:282,3
DA:283,6
DA:284,9
DA:285,3
DA:286,0
DA:287,0
DA:288,0
DA:289,0
DA:290,0
DA:293,0
DA:294,0
DA:295,0
DA:303,2
DA:308,4
DA:309,38
DA:316,1
DA:317,5
DA:318,0
DA:320,3
DA:321,2
DA:322,2
DA:323,1
DA:325,0
DA:326,0
DA:327,0
DA:328,0
DA:329,0
DA:332,3
DA:334,1
DA:341,0
DA:342,0
DA:343,0
DA:345,0
DA:346,0
DA:347,0
DA:348,0
DA:350,0
DA:351,0
DA:352,0
DA:353,0
DA:354,0
DA:356,0
DA:357,0
DA:367,1
DA:374,1
DA:376,1
DA:377,2
DA:378,4
DA:379,4
DA:380,4
DA:381,4
DA:382,4
DA:383,2
DA:385,6
DA:386,5
DA:387,3
DA:388,1
DA:389,0
DA:391,0
DA:392,0
DA:393,0
DA:394,0
DA:395,0
DA:396,0
DA:397,0
DA:398,0
DA:400,0
DA:401,0
DA:402,0
DA:403,0
DA:406,0
DA:407,0
DA:408,0
DA:409,0
DA:410,0
DA:411,0
DA:412,0
DA:414,0
DA:415,0
DA:416,0
DA:434,5
DA:439,20
DA:440,20
DA:441,21
DA:442,23
DA:443,4
DA:444,2
DA:445,21
DA:447,4
DA:448,10
DA:449,6
DA:451,32
DA:452,32
DA:453,24
DA:456,0
DA:457,20
DA:458,20
DA:463,1
DA:468,6
DA:469,9
DA:470,9
DA:475,1
DA:480,3
DA:484,8
DA:489,59
DA:490,136
DA:491,3
DA:492,32
DA:493,21
DA:495,11
DA:501,7
DA:506,54
DA:507,130
DA:508,2
DA:509,31
DA:510,18
DA:512,13
DA:518,7
DA:523,53
DA:524,64
DA:525,2
DA:526,89
DA:527,20
DA:529,10
DA:535,7
DA:540,53
DA:541,64
DA:542,2
DA:543,89
DA:544,18
DA:546,12
DA:561,0
DA:570,0
DA:579,0
DA:592,0
DA:593,0
DA:594,0
DA:595,0
DA:597,0
DA:598,0
DA:599,0
DA:600,0
DA:601,0
DA:603,0
DA:619,0
DA:620,0
DA:621,0
DA:622,0
DA:623,0
DA:624,0
DA:625,0
DA:626,0
DA:628,0
DA:642,0
DA:643,0
DA:644,0
DA:645,0
DA:646,0
DA:648,0
DA:662,0
DA:663,0
DA:664,0
DA:665,0
DA:666,0
DA:668,0
LF:269
LH:149
end_of_record
TN:
SF:/home/doll/ferray/ferray-ufunc/src/ops/interpolation.rs
FN:18,interp
FN:48,interp_scalar
FN:86,interp_one
FNF:3
FNDA:6,interp
FNDA:11,interp_scalar
FNDA:1,interp_one
DA:18,6
DA:26,36
DA:27,36
DA:28,18
DA:30,6
DA:31,0
DA:33,18
DA:34,0
DA:35,0
DA:39,18
DA:41,46
DA:44,24
DA:48,11
DA:49,33
DA:50,11
DA:51,1
DA:55,10
DA:56,2
DA:58,8
DA:59,2
DA:63,12
DA:64,12
DA:65,12
DA:66,24
DA:67,11
DA:68,5
DA:70,1
DA:75,12
DA:76,12
DA:77,0
DA:79,12
DA:80,18
DA:86,1
DA:90,2
DA:91,0
DA:93,3
DA:94,0
DA:95,0
DA:98,3
LF:39
LH:32
end_of_record
TN:
SF:/home/doll/ferray/ferray-ufunc/src/ops/logical.rs
FN:21,<impl Logical for bool>::is_truthy
FN:43,<impl Logical for f32>::is_truthy
FN:50,<impl Logical for f64>::is_truthy
FN:57,<impl Logical for num_complex::Complex<f32>>::is_truthy
FN:64,<impl Logical for num_complex::Complex<f64>>::is_truthy
FN:70,logical_and
FN:79,logical_or
FN:88,logical_xor
FN:97,logical_not
FN:106,all
FN:115,any
FN:127,reduce_truthy_axis
FN:196,all_axis
FN:212,any_axis
FNF:14
FNDA:84,<impl Logical for bool>::is_truthy
FNDA:0,<impl Logical for f32>::is_truthy
FNDA:3,<impl Logical for f64>::is_truthy
FNDA:0,<impl Logical for num_complex::Complex<f32>>::is_truthy
FNDA:0,<impl Logical for num_complex::Complex<f64>>::is_truthy
FNDA:3,logical_and
FNDA:2,logical_or
FNDA:1,logical_xor
FNDA:1,logical_not
FNDA:4,all
FNDA:2,any
FNDA:12,reduce_truthy_axis
FNDA:7,all_axis
FNDA:5,any_axis
DA:21,84
DA:22,84
DA:31,16
DA:32,32
DA:43,0
DA:44,0
DA:50,3
DA:51,3
DA:57,0
DA:58,0
DA:64,0
DA:65,0
DA:70,3
DA:75,51
DA:79,2
DA:84,36
DA:88,1
DA:93,19
DA:97,1
DA:102,8
DA:106,4
DA:111,8
DA:115,2
DA:120,4
DA:127,12
DA:139,36
DA:140,12
DA:141,4
DA:144,40
DA:145,20
DA:146,50
DA:147,50
DA:152,60
DA:154,30
DA:157,70
DA:159,50
DA:161,40
DA:163,26
DA:164,38
DA:165,44
DA:166,44
DA:167,62
DA:168,120
DA:169,120
DA:170,40
DA:171,8
DA:174,22
DA:182,21
DA:183,1
DA:185,40
DA:196,7
DA:201,102
DA:212,5
DA:217,54
LF:54
LH:48
end_of_record
TN:
SF:/home/doll/ferray/ferray-ufunc/src/ops/rounding.rs
FN:16,bankers_round
FN:51,round
FN:60,around
FN:69,rint
FN:78,floor
FN:87,ceil
FN:96,trunc
FN:105,fix
FNF:8
FNDA:292,bankers_round
FNDA:19,round
FNDA:1,around
FNDA:7,rint
FNDA:9,floor
FNDA:9,ceil
FNDA:16,trunc
FNDA:7,fix
DA:16,292
DA:18,876
DA:19,876
DA:22,876
DA:23,584
DA:26,292
DA:28,162
DA:31,108
DA:32,27
DA:34,27
DA:36,238
DA:40,0
DA:43,476
DA:51,19
DA:56,38
DA:60,1
DA:65,2
DA:69,7
DA:74,14
DA:78,9
DA:83,18
DA:87,9
DA:92,18
DA:96,16
DA:101,32
DA:105,7
DA:110,14
LF:27
LH:26
end_of_record
TN:
SF:/home/doll/ferray/ferray-ufunc/src/ops/special.rs
FN:22,sinc
FN:42,i0
FN:57,bessel_i0_scalar
FNF:3
FNDA:8,sinc
FNDA:2,i0
FNDA:40285,bessel_i0_scalar
DA:22,8
DA:27,24
DA:28,49
DA:29,33
DA:30,3
DA:32,60
DA:33,60
DA:42,2
DA:47,4
DA:57,40285
DA:58,120855
DA:59,120855
DA:61,40285
DA:62,64032
DA:64,64032
DA:65,64032
DA:66,64032
DA:67,64032
DA:68,64032
DA:69,64032
DA:70,64032
DA:71,256128
DA:74,37882
DA:75,56823
DA:76,56823
DA:77,56823
DA:78,56823
DA:79,56823
DA:80,56823
DA:81,56823
DA:82,56823
DA:83,56823
DA:84,56823
DA:85,284115
DA:86,56823
LF:35
LH:35
end_of_record
TN:
SF:/home/doll/ferray/ferray-ufunc/src/ops/trig.rs
FN:29,sin
FN:38,sin_into
FN:47,cos
FN:56,cos_into
FN:65,tan
FN:74,arcsin
FN:83,arccos
FN:92,arctan
FN:101,arctan2
FN:110,hypot
FN:123,sinh
FN:132,cosh
FN:141,tanh
FN:150,arcsinh
FN:159,arccosh
FN:168,arctanh
FN:181,degrees
FN:190,radians
FN:199,deg2rad
FN:208,rad2deg
FN:219,unwrap
FNF:21
FNDA:781,sin
FNDA:1,sin_into
FNDA:267,cos
FNDA:1,cos_into
FNDA:10,tan
FNDA:264,arcsin
FNDA:7,arccos
FNDA:7,arctan
FNDA:6,arctan2
FNDA:3,hypot
FNDA:8,sinh
FNDA:8,cosh
FNDA:8,tanh
FNDA:7,arcsinh
FNDA:7,arccosh
FNDA:7,arctanh
FNDA:4,degrees
FNDA:4,radians
FNDA:1,deg2rad
FNDA:1,rad2deg
FNDA:1,unwrap
DA:29,781
DA:34,1562
DA:38,1
DA:43,4
DA:47,267
DA:52,534
DA:56,1
DA:61,4
DA:65,10
DA:70,20
DA:74,264
DA:79,528
DA:83,7
DA:88,14
DA:92,7
DA:97,14
DA:101,6
DA:106,18
DA:110,3
DA:115,9
DA:123,8
DA:128,16
DA:132,8
DA:137,16
DA:141,8
DA:146,16
DA:150,7
DA:155,14
DA:159,7
DA:164,14
DA:168,7
DA:173,14
DA:181,4
DA:186,8
DA:190,4
DA:195,8
DA:199,1
DA:204,2
DA:208,1
DA:213,2
DA:219,1
DA:224,3
DA:225,2
DA:226,4
DA:228,6
DA:229,2
DA:230,0
DA:233,4
DA:234,3
DA:235,2
DA:237,5
DA:238,12
DA:239,8
DA:240,0
DA:242,12
DA:243,12
DA:246,4
LF:57
LH:55
end_of_record
TN:
SF:/home/doll/ferray/ferray-ufunc/src/promoted.rs
FN:35,cast_array
FN:64,add_promoted
FN:87,subtract_promoted
FN:110,multiply_promoted
FN:133,divide_promoted
FNF:5
FNDA:14,cast_array
FNDA:5,add_promoted
FNDA:1,subtract_promoted
FNDA:1,multiply_promoted
FNDA:1,divide_promoted
DA:35,14
DA:41,28
DA:42,180
DA:43,56
DA:45,0
DA:46,0
DA:64,5
DA:74,10
DA:75,3
DA:76,1
DA:77,3
DA:78,1
DA:81,12
DA:82,12
DA:83,42
DA:87,1
DA:97,2
DA:98,0
DA:99,0
DA:100,0
DA:101,0
DA:104,3
DA:105,3
DA:106,9
DA:110,1
DA:120,2
DA:121,0
DA:122,0
DA:123,0
DA:124,0
DA:127,3
DA:128,3
DA:129,9
DA:133,1
DA:143,2
DA:144,0
DA:145,0
DA:146,0
DA:147,0
DA:150,3
DA:151,3
DA:152,9
LF:42
LH:28
end_of_record
TN:
SF:/home/doll/ferray/ferray-ufunc/src/ufunc_methods.rs
FN:24,contiguous_data
FN:38,axis_layout
FN:56,reduce_axis
FN:115,reduce_axis_keepdims
FN:168,reduce_axes
FN:298,reduce_all
FN:326,accumulate_axis
FN:369,outer
FN:415,at
FNF:9
FNDA:47,contiguous_data
FNDA:34,axis_layout
FNDA:29,reduce_axis
FNDA:15,reduce_axis_keepdims
FNDA:16,reduce_axes
FNDA:17,reduce_all
FNDA:7,accumulate_axis
FNDA:5,outer
FNDA:5,at
DA:24,47
DA:29,94
DA:30,94
DA:32,0
DA:38,34
DA:39,68
DA:40,170
DA:41,170
DA:42,68
DA:56,29
DA:67,87
DA:68,29
DA:69,2
DA:71,84
DA:72,140
DA:74,84
DA:77,184
DA:79,140
DA:81,84
DA:82,112
DA:84,83
DA:85,127
DA:86,144
DA:87,144
DA:88,556
DA:89,968
DA:90,726
DA:92,72
DA:96,62
DA:97,6
DA:99,112
DA:115,15
DA:130,45
DA:131,15
DA:132,4
DA:135,78
DA:136,13
DA:137,6
DA:143,28
DA:144,7
DA:145,42
DA:146,28
DA:168,16
DA:180,48
DA:181,64
DA:185,64
DA:186,16
DA:187,29
DA:188,13
DA:189,2
DA:190,1
DA:191,1
DA:195,41
DA:196,26
DA:197,4
DA:203,39
DA:204,115
DA:206,76
DA:212,39
DA:213,3
DA:216,11
DA:217,24
DA:218,6
DA:220,2
DA:225,20
DA:227,39
DA:228,6
DA:230,30
DA:235,26
DA:236,3
DA:237,4
DA:243,36
DA:244,64
DA:245,60
DA:249,48
DA:250,36
DA:251,0
DA:254,36
DA:255,48
DA:257,496
DA:262,472
DA:263,472
DA:264,472
DA:265,1840
DA:266,1368
DA:267,684
DA:268,2052
DA:271,436
DA:272,436
DA:274,218
DA:277,708
DA:282,26
DA:283,2
DA:285,48
DA:298,17
DA:304,34
DA:305,34
DA:306,165
DA:307,148
DA:310,0
DA:311,0
DA:314,17
DA:326,7
DA:336,21
DA:337,7
DA:338,2
DA:340,18
DA:341,30
DA:343,18
DA:344,12
DA:348,13
DA:349,14
DA:350,14
DA:351,45
DA:352,95
DA:353,95
DA:354,95
DA:359,24
DA:369,5
DA:378,15
DA:379,15
DA:380,15
DA:383,30
DA:384,18
DA:385,69
DA:386,112
DA:392,0
DA:393,0
DA:394,0
DA:398,20
DA:415,5
DA:425,15
DA:426,3
DA:427,1
DA:428,3
DA:429,1
DA:432,12
DA:433,8
DA:435,4
DA:436,44
DA:437,12
DA:438,1
DA:439,1
DA:442,33
DA:444,3
LF:145
LH:138
end_of_record
TN:
SF:/home/doll/ferray/ferray-ufunc/src/ufunc_object.rs
FN:67,Ufunc<T,F>::new
FN:73,Ufunc<T,F>::name
FN:79,Ufunc<T,F>::identity
FN:92,Ufunc<T,F>::call
FN:102,Ufunc<T,F>::reduce
FN:112,Ufunc<T,F>::accumulate
FN:121,Ufunc<T,F>::outer
FN:128,Ufunc<T,F>::at
FN:143,add_ufunc
FN:147,add_ufunc::add_kernel
FN:159,subtract_ufunc
FN:163,subtract_ufunc::sub_kernel
FN:175,multiply_ufunc
FN:179,multiply_ufunc::mul_kernel
FN:191,divide_ufunc
FN:195,divide_ufunc::div_kernel
FNF:16
FNDA:11,Ufunc<T,F>::new
FNDA:3,Ufunc<T,F>::name
FNDA:3,Ufunc<T,F>::identity
FNDA:2,Ufunc<T,F>::call
FNDA:4,Ufunc<T,F>::reduce
FNDA:2,Ufunc<T,F>::accumulate
FNDA:1,Ufunc<T,F>::outer
FNDA:1,Ufunc<T,F>::at
FNDA:6,add_ufunc
FNDA:20,add_ufunc::add_kernel
FNDA:1,subtract_ufunc
FNDA:3,subtract_ufunc::sub_kernel
FNDA:2,multiply_ufunc
FNDA:10,multiply_ufunc::mul_kernel
FNDA:1,divide_ufunc
FNDA:3,divide_ufunc::div_kernel
DA:67,11
DA:73,3
DA:74,3
DA:79,3
DA:80,3
DA:92,2
DA:97,8
DA:102,4
DA:107,20
DA:112,2
DA:117,8
DA:121,1
DA:122,4
DA:128,1
DA:129,5
DA:143,6
DA:147,20
DA:148,20
DA:152,6
DA:153,6
DA:159,1
DA:163,3
DA:164,3
DA:168,1
DA:169,1
DA:175,2
DA:179,10
DA:180,10
DA:184,2
DA:185,2
DA:191,1
DA:195,3
DA:196,3
DA:200,1
DA:201,1
LF:35
LH:35
end_of_record
TN:
SF:/home/doll/ferray/ferray-window/src/functional.rs
FN:27,vectorize
FN:60,piecewise
FN:128,apply_along_axis
FN:179,apply_over_axes
FN:214,sum_axis_keepdims
FNF:5
FNDA:1028,vectorize
FNDA:5,piecewise
FNDA:4,apply_along_axis
FNDA:3,apply_over_axes
FNDA:5,sum_axis_keepdims
DA:27,1028
DA:34,1028
DA:35,57006
DA:36,4112
DA:60,5
DA:70,15
DA:71,3
DA:72,1
DA:73,3
DA:74,1
DA:78,24
DA:79,12
DA:80,3
DA:81,1
DA:82,3
DA:83,1
DA:88,9
DA:89,12
DA:90,18
DA:93,9
DA:95,23
DA:99,14
DA:100,50
DA:101,14
DA:102,21
DA:103,7
DA:108,12
DA:128,4
DA:137,12
DA:138,12
DA:139,4
DA:140,2
DA:144,12
DA:145,6
DA:147,9
DA:149,18
DA:150,12
DA:151,18
DA:155,12
DA:156,9
DA:157,7
DA:159,3
DA:162,12
DA:179,3
DA:188,9
DA:189,7
DA:190,4
DA:191,2
DA:195,6
DA:196,5
DA:197,9
DA:203,2
DA:214,5
DA:218,15
DA:219,15
DA:220,5
DA:221,0
DA:224,79
DA:227,20
DA:228,15
DA:229,30
DA:230,20
LF:62
LH:61
end_of_record
TN:
SF:/home/doll/ferray/ferray-window/src/windows/mod.rs
FN:32,gen_window
FN:55,bartlett
FN:69,blackman
FN:89,hamming
FN:105,hanning
FN:130,kaiser
FN:172,cosine
FN:190,exponential
FN:206,gaussian
FN:226,general_cosine
FN:252,general_hamming
FN:271,nuttall
FN:278,parzen
FN:316,taylor
FN:404,tukey
FNF:15
FNDA:6462,gen_window
FNDA:1291,bartlett
FNDA:1290,blackman
FNDA:1286,hamming
FNDA:1289,hanning
FNDA:1292,kaiser
FNDA:3,cosine
FNDA:4,exponential
FNDA:4,gaussian
FNDA:5,general_cosine
FNDA:2,general_hamming
FNDA:2,nuttall
FNDA:3,parzen
FNDA:4,taylor
FNDA:6,tukey
DA:32,6462
DA:33,6462
DA:34,5180
DA:36,5167
DA:37,5180
DA:39,11616
DA:40,409612
DA:41,608610
DA:43,15488
DA:55,1291
DA:56,2582
DA:57,85984
DA:69,1290
DA:70,2580
DA:71,43606
DA:72,82052
DA:73,41026
DA:74,82052
DA:75,82052
DA:89,1286
DA:90,2572
DA:91,43269
DA:92,81394
DA:105,1289
DA:106,2578
DA:107,42722
DA:130,1292
DA:131,2584
DA:132,1
DA:136,3873
DA:142,1291
DA:143,2
DA:144,2
DA:145,2
DA:148,3867
DA:149,2578
DA:150,41567
DA:151,77978
DA:152,155956
DA:153,77978
DA:172,3
DA:173,3
DA:174,4
DA:176,2
DA:177,4
DA:179,2
DA:180,18
DA:190,4
DA:191,7
DA:192,3
DA:193,3
DA:196,4
DA:197,18
DA:206,4
DA:207,8
DA:208,2
DA:209,2
DA:212,4
DA:213,22
DA:214,36
DA:215,36
DA:226,5
DA:227,10
DA:228,1
DA:229,1
DA:232,8
DA:233,12
DA:234,123
DA:235,230
DA:236,230
DA:237,1096
DA:238,1299
DA:239,866
DA:241,115
DA:252,2
DA:253,2
DA:254,0
DA:255,0
DA:258,4
DA:259,22
DA:260,54
DA:271,2
DA:272,6
DA:278,3
DA:279,3
DA:280,0
DA:282,3
DA:283,0
DA:287,6
DA:288,56
DA:289,100
DA:290,150
DA:291,50
DA:292,52
DA:293,24
DA:294,48
DA:295,24
DA:297,0
DA:316,4
DA:322,4
DA:323,0
DA:325,4
DA:326,0
DA:328,4
DA:329,1
DA:331,3
DA:332,1
DA:335,6
DA:336,4
DA:337,4
DA:340,8
DA:343,8
DA:344,8
DA:345,12
DA:348,12
DA:349,42
DA:350,54
DA:351,72
DA:353,18
DA:354,12
DA:355,24
DA:356,18
DA:357,6
DA:359,24
DA:360,24
DA:365,18
DA:368,4
DA:369,72
DA:370,132
DA:371,132
DA:372,726
DA:373,594
DA:374,396
DA:376,66
DA:379,2
DA:380,0
DA:383,8
DA:384,4
DA:385,2
DA:388,0
DA:390,2
DA:391,0
DA:393,144
DA:394,8
DA:404,6
DA:405,16
DA:406,3
DA:407,3
DA:410,3
DA:411,0
DA:413,3
DA:414,0
DA:416,3
DA:417,5
DA:419,4
DA:420,4
DA:421,34
DA:422,60
DA:423,30
DA:424,9
DA:425,42
DA:426,12
DA:428,9
LF:163
LH:151
end_of_record
